0 verbose cli C:\nvm4w\nodejs\node.exe C:\nvm4w\nodejs\node_modules\npm\bin\npm-cli.js
1 info using npm@8.11.0
2 info using node@v16.15.1
3 timing npm:load:whichnode Completed in 1ms
4 timing config:load:defaults Completed in 0ms
5 timing config:load:file:C:\Users\zhangxt\AppData\Local\nvm\v16.15.1\node_modules\npm\npmrc Completed in 1ms
6 timing config:load:builtin Completed in 1ms
7 timing config:load:cli Completed in 1ms
8 timing config:load:env Completed in 0ms
9 timing config:load:file:D:\project-qian\linzhi-qianduan\.npmrc Completed in 1ms
10 timing config:load:project Completed in 2ms
11 timing config:load:file:C:\Users\zhangxt\.npmrc Completed in 0ms
12 timing config:load:user Completed in 0ms
13 timing config:load:file:C:\nvm4w\nodejs\etc\npmrc Completed in 1ms
14 timing config:load:global Completed in 1ms
15 timing config:load:validate Completed in 1ms
16 timing config:load:credentials Completed in 0ms
17 timing config:load:setEnvs Completed in 1ms
18 timing config:load Completed in 7ms
19 timing npm:load:configload Completed in 7ms
20 timing npm:load:mkdirpcache Completed in 0ms
21 timing npm:load:mkdirplogs Completed in 0ms
22 verbose title npm install
23 verbose argv "install"
24 timing npm:load:setTitle Completed in 1ms
25 timing config:load:flatten Completed in 1ms
26 timing npm:load:display Completed in 2ms
27 verbose logfile logs-max:10 dir:D:\project-qian\linzhi-qianduan\.npm-cache\_logs
28 verbose logfile D:\project-qian\linzhi-qianduan\.npm-cache\_logs\2026-04-18T10_23_34_559Z-debug-0.log
29 timing npm:load:logFile Completed in 10ms
30 timing npm:load:timers Completed in 0ms
31 timing npm:load:configScope Completed in 0ms
32 timing npm:load Completed in 21ms
33 timing arborist:ctor Completed in 1ms
34 silly logfile done cleaning log files
35 timing arborist:ctor Completed in 0ms
36 timing idealTree:init Completed in 79ms
37 timing idealTree:userRequests Completed in 0ms
38 silly idealTree buildDeps
39 silly fetch manifest vite@^4.5.3
40 http fetch GET 200 https://registry.npmmirror.com/vite 12ms (cache hit)
41 silly fetch manifest @types/node@>= 14
42 http fetch GET 200 https://registry.npmmirror.com/@types%2fnode 5ms (cache hit)
43 silly fetch manifest less@*
44 http fetch GET 200 https://registry.npmmirror.com/less 4ms (cache hit)
45 silly fetch manifest lightningcss@^1.21.0
46 http fetch GET 200 https://registry.npmmirror.com/lightningcss 2ms (cache hit)
47 silly fetch manifest sass@*
48 http fetch GET 200 https://registry.npmmirror.com/sass 3ms (cache hit)
49 silly fetch manifest stylus@*
50 http fetch GET 200 https://registry.npmmirror.com/stylus 3ms (cache hit)
51 silly fetch manifest sugarss@*
52 http fetch GET 200 https://registry.npmmirror.com/sugarss 2ms (cache hit)
53 silly fetch manifest postcss@^8.3.3
54 http fetch GET 200 https://registry.npmmirror.com/postcss 2ms (cache hit)
55 silly fetch manifest terser@^5.4.0
56 http fetch GET 200 https://registry.npmmirror.com/terser 3ms (cache hit)
57 silly placeDep ROOT vite@4.5.14 REPLACE for: linzhi-qianduan@0.1.0 want: ^4.5.3
58 silly fetch manifest esbuild@^0.18.10
59 silly fetch manifest rollup@^3.27.1
60 silly fetch manifest fsevents@~2.3.2
61 http fetch GET 200 https://registry.npmmirror.com/esbuild 5ms (cache hit)
62 http fetch GET 200 https://registry.npmmirror.com/fsevents 9ms (cache hit)
63 http fetch GET 200 https://registry.npmmirror.com/rollup 12ms (cache hit)
64 timing idealTree:#root Completed in 110ms
65 silly placeDep ROOT esbuild@0.18.20 OK for: vite@4.5.14 want: ^0.18.10
66 silly placeDep ROOT fsevents@2.3.3 OK for: vite@4.5.14 want: ~2.3.2
67 silly placeDep ROOT rollup@3.30.0 OK for: vite@4.5.14 want: ^3.27.1
68 silly fetch manifest @esbuild/android-arm@0.18.20
69 silly fetch manifest @esbuild/android-arm64@0.18.20
70 silly fetch manifest @esbuild/android-x64@0.18.20
71 silly fetch manifest @esbuild/darwin-arm64@0.18.20
72 silly fetch manifest @esbuild/darwin-x64@0.18.20
73 silly fetch manifest @esbuild/freebsd-arm64@0.18.20
74 silly fetch manifest @esbuild/freebsd-x64@0.18.20
75 silly fetch manifest @esbuild/linux-arm@0.18.20
76 silly fetch manifest @esbuild/linux-arm64@0.18.20
77 silly fetch manifest @esbuild/linux-ia32@0.18.20
78 silly fetch manifest @esbuild/linux-loong64@0.18.20
79 silly fetch manifest @esbuild/linux-mips64el@0.18.20
80 silly fetch manifest @esbuild/linux-ppc64@0.18.20
81 silly fetch manifest @esbuild/linux-riscv64@0.18.20
82 silly fetch manifest @esbuild/linux-s390x@0.18.20
83 silly fetch manifest @esbuild/linux-x64@0.18.20
84 silly fetch manifest @esbuild/netbsd-x64@0.18.20
85 silly fetch manifest @esbuild/openbsd-x64@0.18.20
86 silly fetch manifest @esbuild/sunos-x64@0.18.20
87 silly fetch manifest @esbuild/win32-arm64@0.18.20
88 silly fetch manifest @esbuild/win32-ia32@0.18.20
89 silly fetch manifest @esbuild/win32-x64@0.18.20
90 http fetch GET 200 https://registry.npmmirror.com/@esbuild%2fandroid-x64 37ms (cache hit)
91 http fetch GET 200 https://registry.npmmirror.com/@esbuild%2fdarwin-arm64 38ms (cache hit)
92 http fetch GET 200 https://registry.npmmirror.com/@esbuild%2fandroid-arm64 39ms (cache hit)
93 http fetch GET 200 https://registry.npmmirror.com/@esbuild%2fdarwin-x64 39ms (cache hit)
94 http fetch GET 200 https://registry.npmmirror.com/@esbuild%2ffreebsd-x64 40ms (cache hit)
95 http fetch GET 200 https://registry.npmmirror.com/@esbuild%2ffreebsd-arm64 40ms (cache hit)
96 http fetch GET 200 https://registry.npmmirror.com/@esbuild%2flinux-ia32 39ms (cache hit)
97 http fetch GET 200 https://registry.npmmirror.com/@esbuild%2flinux-loong64 38ms (cache hit)
98 http fetch GET 200 https://registry.npmmirror.com/@esbuild%2flinux-arm 42ms (cache hit)
99 http fetch GET 200 https://registry.npmmirror.com/@esbuild%2flinux-mips64el 40ms (cache hit)
100 http fetch GET 200 https://registry.npmmirror.com/@esbuild%2fandroid-arm 45ms (cache hit)
101 http fetch GET 200 https://registry.npmmirror.com/@esbuild%2flinux-riscv64 41ms (cache hit)
102 http fetch GET 200 https://registry.npmmirror.com/@esbuild%2flinux-ppc64 41ms (cache hit)
103 http fetch GET 200 https://registry.npmmirror.com/@esbuild%2flinux-arm64 44ms (cache hit)
104 http fetch GET 200 https://registry.npmmirror.com/@esbuild%2flinux-s390x 43ms (cache hit)
105 http fetch GET 200 https://registry.npmmirror.com/@esbuild%2fnetbsd-x64 42ms (cache hit)
106 http fetch GET 200 https://registry.npmmirror.com/@esbuild%2flinux-x64 43ms (cache hit)
107 http fetch GET 200 https://registry.npmmirror.com/@esbuild%2fopenbsd-x64 44ms (cache hit)
108 http fetch GET 200 https://registry.npmmirror.com/@esbuild%2fsunos-x64 44ms (cache hit)
109 http fetch GET 200 https://registry.npmmirror.com/@esbuild%2fwin32-ia32 44ms (cache hit)
110 http fetch GET 200 https://registry.npmmirror.com/@esbuild%2fwin32-arm64 44ms (cache hit)
111 http fetch GET 200 https://registry.npmmirror.com/@esbuild%2fwin32-x64 44ms (cache hit)
112 timing idealTree:node_modules/vite Completed in 58ms
113 silly placeDep node_modules/esbuild @esbuild/android-arm@0.18.20 OK for: esbuild@0.18.20 want: 0.18.20
114 silly placeDep node_modules/esbuild @esbuild/android-arm64@0.18.20 OK for: esbuild@0.18.20 want: 0.18.20
115 silly placeDep node_modules/esbuild @esbuild/android-x64@0.18.20 OK for: esbuild@0.18.20 want: 0.18.20
116 silly placeDep node_modules/esbuild @esbuild/darwin-arm64@0.18.20 OK for: esbuild@0.18.20 want: 0.18.20
117 silly placeDep node_modules/esbuild @esbuild/darwin-x64@0.18.20 OK for: esbuild@0.18.20 want: 0.18.20
118 silly placeDep node_modules/esbuild @esbuild/freebsd-arm64@0.18.20 OK for: esbuild@0.18.20 want: 0.18.20
119 silly placeDep node_modules/esbuild @esbuild/freebsd-x64@0.18.20 OK for: esbuild@0.18.20 want: 0.18.20
120 silly placeDep node_modules/esbuild @esbuild/linux-arm@0.18.20 OK for: esbuild@0.18.20 want: 0.18.20
121 silly placeDep node_modules/esbuild @esbuild/linux-arm64@0.18.20 OK for: esbuild@0.18.20 want: 0.18.20
122 silly placeDep node_modules/esbuild @esbuild/linux-ia32@0.18.20 OK for: esbuild@0.18.20 want: 0.18.20
123 silly placeDep node_modules/esbuild @esbuild/linux-loong64@0.18.20 OK for: esbuild@0.18.20 want: 0.18.20
124 silly placeDep node_modules/esbuild @esbuild/linux-mips64el@0.18.20 OK for: esbuild@0.18.20 want: 0.18.20
125 silly placeDep node_modules/esbuild @esbuild/linux-ppc64@0.18.20 OK for: esbuild@0.18.20 want: 0.18.20
126 silly placeDep node_modules/esbuild @esbuild/linux-riscv64@0.18.20 OK for: esbuild@0.18.20 want: 0.18.20
127 silly placeDep node_modules/esbuild @esbuild/linux-s390x@0.18.20 OK for: esbuild@0.18.20 want: 0.18.20
128 silly placeDep node_modules/esbuild @esbuild/linux-x64@0.18.20 OK for: esbuild@0.18.20 want: 0.18.20
129 silly placeDep node_modules/esbuild @esbuild/netbsd-x64@0.18.20 OK for: esbuild@0.18.20 want: 0.18.20
130 silly placeDep node_modules/esbuild @esbuild/openbsd-x64@0.18.20 OK for: esbuild@0.18.20 want: 0.18.20
131 silly placeDep node_modules/esbuild @esbuild/sunos-x64@0.18.20 OK for: esbuild@0.18.20 want: 0.18.20
132 silly placeDep node_modules/esbuild @esbuild/win32-arm64@0.18.20 OK for: esbuild@0.18.20 want: 0.18.20
133 silly placeDep node_modules/esbuild @esbuild/win32-ia32@0.18.20 OK for: esbuild@0.18.20 want: 0.18.20
134 silly placeDep ROOT @esbuild/win32-x64@0.18.20 OK for: esbuild@0.18.20 want: 0.18.20
135 timing idealTree:node_modules/esbuild Completed in 12ms
136 timing idealTree:node_modules/@esbuild/win32-x64 Completed in 0ms
137 timing idealTree:node_modules/fsevents Completed in 0ms
138 timing idealTree:node_modules/rollup Completed in 0ms
139 timing idealTree:node_modules/esbuild/node_modules/@esbuild/android-arm Completed in 0ms
140 timing idealTree:node_modules/esbuild/node_modules/@esbuild/android-arm64 Completed in 0ms
141 timing idealTree:node_modules/esbuild/node_modules/@esbuild/android-x64 Completed in 0ms
142 timing idealTree:node_modules/esbuild/node_modules/@esbuild/darwin-arm64 Completed in 0ms
143 timing idealTree:node_modules/esbuild/node_modules/@esbuild/darwin-x64 Completed in 0ms
144 timing idealTree:node_modules/esbuild/node_modules/@esbuild/freebsd-arm64 Completed in 0ms
145 timing idealTree:node_modules/esbuild/node_modules/@esbuild/freebsd-x64 Completed in 0ms
146 timing idealTree:node_modules/esbuild/node_modules/@esbuild/linux-arm Completed in 0ms
147 timing idealTree:node_modules/esbuild/node_modules/@esbuild/linux-arm64 Completed in 0ms
148 timing idealTree:node_modules/esbuild/node_modules/@esbuild/linux-ia32 Completed in 0ms
149 timing idealTree:node_modules/esbuild/node_modules/@esbuild/linux-loong64 Completed in 0ms
150 timing idealTree:node_modules/esbuild/node_modules/@esbuild/linux-mips64el Completed in 0ms
151 timing idealTree:node_modules/esbuild/node_modules/@esbuild/linux-ppc64 Completed in 0ms
152 timing idealTree:node_modules/esbuild/node_modules/@esbuild/linux-riscv64 Completed in 0ms
153 timing idealTree:node_modules/esbuild/node_modules/@esbuild/linux-s390x Completed in 0ms
154 timing idealTree:node_modules/esbuild/node_modules/@esbuild/linux-x64 Completed in 0ms
155 timing idealTree:node_modules/esbuild/node_modules/@esbuild/netbsd-x64 Completed in 0ms
156 timing idealTree:node_modules/esbuild/node_modules/@esbuild/openbsd-x64 Completed in 0ms
157 timing idealTree:node_modules/esbuild/node_modules/@esbuild/sunos-x64 Completed in 0ms
158 timing idealTree:node_modules/esbuild/node_modules/@esbuild/win32-arm64 Completed in 0ms
159 timing idealTree:node_modules/esbuild/node_modules/@esbuild/win32-ia32 Completed in 0ms
160 timing idealTree:buildDeps Completed in 180ms
161 timing idealTree:fixDepFlags Completed in 1ms
162 timing idealTree Completed in 261ms
163 timing reify:loadTrees Completed in 261ms
164 timing reify:diffTrees Completed in 3ms
165 silly reify mark retired [ 'D:\\project-qian\\linzhi-qianduan\\node_modules\\fsevents' ]
166 silly reify mark retired [
166 silly reify   'D:\\project-qian\\linzhi-qianduan\\node_modules\\@esbuild\\aix-ppc64'
166 silly reify ]
167 silly reify mark retired [
167 silly reify   'D:\\project-qian\\linzhi-qianduan\\node_modules\\@esbuild\\android-arm'
167 silly reify ]
168 silly reify mark retired [
168 silly reify   'D:\\project-qian\\linzhi-qianduan\\node_modules\\@esbuild\\android-arm64'
168 silly reify ]
169 silly reify mark retired [
169 silly reify   'D:\\project-qian\\linzhi-qianduan\\node_modules\\@esbuild\\android-x64'
169 silly reify ]
170 silly reify mark retired [
170 silly reify   'D:\\project-qian\\linzhi-qianduan\\node_modules\\@esbuild\\darwin-arm64'
170 silly reify ]
171 silly reify mark retired [
171 silly reify   'D:\\project-qian\\linzhi-qianduan\\node_modules\\@esbuild\\darwin-x64'
171 silly reify ]
172 silly reify mark retired [
172 silly reify   'D:\\project-qian\\linzhi-qianduan\\node_modules\\@esbuild\\freebsd-x64'
172 silly reify ]
173 silly reify mark retired [
173 silly reify   'D:\\project-qian\\linzhi-qianduan\\node_modules\\@esbuild\\linux-arm'
173 silly reify ]
174 silly reify mark retired [
174 silly reify   'D:\\project-qian\\linzhi-qianduan\\node_modules\\@esbuild\\freebsd-arm64'
174 silly reify ]
175 silly reify mark retired [
175 silly reify   'D:\\project-qian\\linzhi-qianduan\\node_modules\\@esbuild\\linux-arm64'
175 silly reify ]
176 silly reify mark retired [
176 silly reify   'D:\\project-qian\\linzhi-qianduan\\node_modules\\@esbuild\\linux-loong64'
176 silly reify ]
177 silly reify mark retired [
177 silly reify   'D:\\project-qian\\linzhi-qianduan\\node_modules\\@esbuild\\linux-mips64el'
177 silly reify ]
178 silly reify mark retired [
178 silly reify   'D:\\project-qian\\linzhi-qianduan\\node_modules\\@esbuild\\linux-ppc64'
178 silly reify ]
179 silly reify mark retired [
179 silly reify   'D:\\project-qian\\linzhi-qianduan\\node_modules\\@esbuild\\linux-riscv64'
179 silly reify ]
180 silly reify mark retired [
180 silly reify   'D:\\project-qian\\linzhi-qianduan\\node_modules\\@esbuild\\linux-s390x'
180 silly reify ]
181 silly reify mark retired [
181 silly reify   'D:\\project-qian\\linzhi-qianduan\\node_modules\\@esbuild\\linux-x64'
181 silly reify ]
182 silly reify mark retired [
182 silly reify   'D:\\project-qian\\linzhi-qianduan\\node_modules\\@esbuild\\netbsd-x64'
182 silly reify ]
183 silly reify mark retired [
183 silly reify   'D:\\project-qian\\linzhi-qianduan\\node_modules\\@esbuild\\openbsd-x64'
183 silly reify ]
184 silly reify mark retired [
184 silly reify   'D:\\project-qian\\linzhi-qianduan\\node_modules\\@esbuild\\sunos-x64'
184 silly reify ]
185 silly reify mark retired [
185 silly reify   'D:\\project-qian\\linzhi-qianduan\\node_modules\\@esbuild\\linux-ia32'
185 silly reify ]
186 silly reify mark retired [
186 silly reify   'D:\\project-qian\\linzhi-qianduan\\node_modules\\@esbuild\\win32-arm64'
186 silly reify ]
187 silly reify mark retired [
187 silly reify   'D:\\project-qian\\linzhi-qianduan\\node_modules\\@esbuild\\win32-ia32'
187 silly reify ]
188 silly reify mark retired [
188 silly reify   'D:\\project-qian\\linzhi-qianduan\\node_modules\\@rollup\\rollup-android-arm-eabi'
188 silly reify ]
189 silly reify mark retired [
189 silly reify   'D:\\project-qian\\linzhi-qianduan\\node_modules\\@rollup\\rollup-android-arm64'
189 silly reify ]
190 silly reify mark retired [
190 silly reify   'D:\\project-qian\\linzhi-qianduan\\node_modules\\@rollup\\rollup-darwin-arm64'
190 silly reify ]
191 silly reify mark retired [
191 silly reify   'D:\\project-qian\\linzhi-qianduan\\node_modules\\@rollup\\rollup-darwin-x64'
191 silly reify ]
192 silly reify mark retired [
192 silly reify   'D:\\project-qian\\linzhi-qianduan\\node_modules\\@rollup\\rollup-freebsd-arm64'
192 silly reify ]
193 silly reify mark retired [
193 silly reify   'D:\\project-qian\\linzhi-qianduan\\node_modules\\@rollup\\rollup-freebsd-x64'
193 silly reify ]
194 silly reify mark retired [
194 silly reify   'D:\\project-qian\\linzhi-qianduan\\node_modules\\@rollup\\rollup-linux-arm-gnueabihf'
194 silly reify ]
195 silly reify mark retired [
195 silly reify   'D:\\project-qian\\linzhi-qianduan\\node_modules\\@rollup\\rollup-linux-arm-musleabihf'
195 silly reify ]
196 silly reify mark retired [
196 silly reify   'D:\\project-qian\\linzhi-qianduan\\node_modules\\@rollup\\rollup-linux-arm64-musl'
196 silly reify ]
197 silly reify mark retired [
197 silly reify   'D:\\project-qian\\linzhi-qianduan\\node_modules\\@rollup\\rollup-linux-loong64-gnu'
197 silly reify ]
198 silly reify mark retired [
198 silly reify   'D:\\project-qian\\linzhi-qianduan\\node_modules\\@rollup\\rollup-linux-arm64-gnu'
198 silly reify ]
199 silly reify mark retired [
199 silly reify   'D:\\project-qian\\linzhi-qianduan\\node_modules\\@rollup\\rollup-linux-loong64-musl'
199 silly reify ]
200 silly reify mark retired [
200 silly reify   'D:\\project-qian\\linzhi-qianduan\\node_modules\\@rollup\\rollup-linux-ppc64-gnu'
200 silly reify ]
201 silly reify mark retired [
201 silly reify   'D:\\project-qian\\linzhi-qianduan\\node_modules\\@rollup\\rollup-linux-ppc64-musl'
201 silly reify ]
202 silly reify mark retired [
202 silly reify   'D:\\project-qian\\linzhi-qianduan\\node_modules\\@rollup\\rollup-linux-riscv64-gnu'
202 silly reify ]
203 silly reify mark retired [
203 silly reify   'D:\\project-qian\\linzhi-qianduan\\node_modules\\@rollup\\rollup-linux-riscv64-musl'
203 silly reify ]
204 silly reify mark retired [
204 silly reify   'D:\\project-qian\\linzhi-qianduan\\node_modules\\@rollup\\rollup-linux-s390x-gnu'
204 silly reify ]
205 silly reify mark retired [
205 silly reify   'D:\\project-qian\\linzhi-qianduan\\node_modules\\@rollup\\rollup-linux-x64-gnu'
205 silly reify ]
206 silly reify mark retired [
206 silly reify   'D:\\project-qian\\linzhi-qianduan\\node_modules\\@rollup\\rollup-linux-x64-musl'
206 silly reify ]
207 silly reify mark retired [
207 silly reify   'D:\\project-qian\\linzhi-qianduan\\node_modules\\@rollup\\rollup-openbsd-x64'
207 silly reify ]
208 silly reify mark retired [
208 silly reify   'D:\\project-qian\\linzhi-qianduan\\node_modules\\@rollup\\rollup-openharmony-arm64'
208 silly reify ]
209 silly reify mark retired [
209 silly reify   'D:\\project-qian\\linzhi-qianduan\\node_modules\\@rollup\\rollup-win32-arm64-msvc'
209 silly reify ]
210 silly reify mark retired [
210 silly reify   'D:\\project-qian\\linzhi-qianduan\\node_modules\\@rollup\\rollup-win32-ia32-msvc'
210 silly reify ]
211 silly reify mark retired [
211 silly reify   'D:\\project-qian\\linzhi-qianduan\\node_modules\\esbuild',
211 silly reify   'D:\\project-qian\\linzhi-qianduan\\node_modules\\.bin\\esbuild',
211 silly reify   'D:\\project-qian\\linzhi-qianduan\\node_modules\\.bin\\esbuild.cmd',
211 silly reify   'D:\\project-qian\\linzhi-qianduan\\node_modules\\.bin\\esbuild.ps1'
211 silly reify ]
212 silly reify mark retired [
212 silly reify   'D:\\project-qian\\linzhi-qianduan\\node_modules\\rollup',
212 silly reify   'D:\\project-qian\\linzhi-qianduan\\node_modules\\.bin\\rollup',
212 silly reify   'D:\\project-qian\\linzhi-qianduan\\node_modules\\.bin\\rollup.cmd',
212 silly reify   'D:\\project-qian\\linzhi-qianduan\\node_modules\\.bin\\rollup.ps1'
212 silly reify ]
213 silly reify mark retired [
213 silly reify   'D:\\project-qian\\linzhi-qianduan\\node_modules\\vite',
213 silly reify   'D:\\project-qian\\linzhi-qianduan\\node_modules\\.bin\\vite',
213 silly reify   'D:\\project-qian\\linzhi-qianduan\\node_modules\\.bin\\vite.cmd',
213 silly reify   'D:\\project-qian\\linzhi-qianduan\\node_modules\\.bin\\vite.ps1'
213 silly reify ]
214 silly reify mark retired [
214 silly reify   'D:\\project-qian\\linzhi-qianduan\\node_modules\\@esbuild\\win32-x64'
214 silly reify ]
215 silly reify mark retired [
215 silly reify   'D:\\project-qian\\linzhi-qianduan\\node_modules\\@rollup\\rollup-win32-x64-gnu'
215 silly reify ]
216 silly reify mark retired [
216 silly reify   'D:\\project-qian\\linzhi-qianduan\\node_modules\\@rollup\\rollup-win32-x64-msvc'
216 silly reify ]
217 silly reify mark retired [ 'D:\\project-qian\\linzhi-qianduan\\node_modules\\@types\\estree' ]
218 silly reify moves {
218 silly reify   'D:\\project-qian\\linzhi-qianduan\\node_modules\\fsevents': 'D:\\project-qian\\linzhi-qianduan\\node_modules\\.fsevents-tcLuDDpA',
218 silly reify   'D:\\project-qian\\linzhi-qianduan\\node_modules\\@esbuild\\aix-ppc64': 'D:\\project-qian\\linzhi-qianduan\\node_modules\\@esbuild\\.aix-ppc64-zIqEvO2v',
218 silly reify   'D:\\project-qian\\linzhi-qianduan\\node_modules\\@esbuild\\android-arm': 'D:\\project-qian\\linzhi-qianduan\\node_modules\\@esbuild\\.android-arm-Gv8neORg',
218 silly reify   'D:\\project-qian\\linzhi-qianduan\\node_modules\\@esbuild\\android-arm64': 'D:\\project-qian\\linzhi-qianduan\\node_modules\\@esbuild\\.android-arm64-GI0F4QEh',
218 silly reify   'D:\\project-qian\\linzhi-qianduan\\node_modules\\@esbuild\\android-x64': 'D:\\project-qian\\linzhi-qianduan\\node_modules\\@esbuild\\.android-x64-KJGdtR8i',
218 silly reify   'D:\\project-qian\\linzhi-qianduan\\node_modules\\@esbuild\\darwin-arm64': 'D:\\project-qian\\linzhi-qianduan\\node_modules\\@esbuild\\.darwin-arm64-ov2nHkt6',
218 silly reify   'D:\\project-qian\\linzhi-qianduan\\node_modules\\@esbuild\\darwin-x64': 'D:\\project-qian\\linzhi-qianduan\\node_modules\\@esbuild\\.darwin-x64-gLOx0Gf4',
218 silly reify   'D:\\project-qian\\linzhi-qianduan\\node_modules\\@esbuild\\freebsd-x64': 'D:\\project-qian\\linzhi-qianduan\\node_modules\\@esbuild\\.freebsd-x64-TOHE9dHf',
218 silly reify   'D:\\project-qian\\linzhi-qianduan\\node_modules\\@esbuild\\linux-arm': 'D:\\project-qian\\linzhi-qianduan\\node_modules\\@esbuild\\.linux-arm-Ef00mvMj',
218 silly reify   'D:\\project-qian\\linzhi-qianduan\\node_modules\\@esbuild\\freebsd-arm64': 'D:\\project-qian\\linzhi-qianduan\\node_modules\\@esbuild\\.freebsd-arm64-donUbQ6i',
218 silly reify   'D:\\project-qian\\linzhi-qianduan\\node_modules\\@esbuild\\linux-arm64': 'D:\\project-qian\\linzhi-qianduan\\node_modules\\@esbuild\\.linux-arm64-XRURJjg4',
218 silly reify   'D:\\project-qian\\linzhi-qianduan\\node_modules\\@esbuild\\linux-loong64': 'D:\\project-qian\\linzhi-qianduan\\node_modules\\@esbuild\\.linux-loong64-AEQbb2fb',
218 silly reify   'D:\\project-qian\\linzhi-qianduan\\node_modules\\@esbuild\\linux-mips64el': 'D:\\project-qian\\linzhi-qianduan\\node_modules\\@esbuild\\.linux-mips64el-cV9Oi4T8',
218 silly reify   'D:\\project-qian\\linzhi-qianduan\\node_modules\\@esbuild\\linux-ppc64': 'D:\\project-qian\\linzhi-qianduan\\node_modules\\@esbuild\\.linux-ppc64-6Wn9auBC',
218 silly reify   'D:\\project-qian\\linzhi-qianduan\\node_modules\\@esbuild\\linux-riscv64': 'D:\\project-qian\\linzhi-qianduan\\node_modules\\@esbuild\\.linux-riscv64-OCnLxuLP',
218 silly reify   'D:\\project-qian\\linzhi-qianduan\\node_modules\\@esbuild\\linux-s390x': 'D:\\project-qian\\linzhi-qianduan\\node_modules\\@esbuild\\.linux-s390x-90vc6Ou6',
218 silly reify   'D:\\project-qian\\linzhi-qianduan\\node_modules\\@esbuild\\linux-x64': 'D:\\project-qian\\linzhi-qianduan\\node_modules\\@esbuild\\.linux-x64-wwUZTe7u',
218 silly reify   'D:\\project-qian\\linzhi-qianduan\\node_modules\\@esbuild\\netbsd-x64': 'D:\\project-qian\\linzhi-qianduan\\node_modules\\@esbuild\\.netbsd-x64-BNmYfw0S',
218 silly reify   'D:\\project-qian\\linzhi-qianduan\\node_modules\\@esbuild\\openbsd-x64': 'D:\\project-qian\\linzhi-qianduan\\node_modules\\@esbuild\\.openbsd-x64-3CVQOKXS',
218 silly reify   'D:\\project-qian\\linzhi-qianduan\\node_modules\\@esbuild\\sunos-x64': 'D:\\project-qian\\linzhi-qianduan\\node_modules\\@esbuild\\.sunos-x64-wSBZYgKh',
218 silly reify   'D:\\project-qian\\linzhi-qianduan\\node_modules\\@esbuild\\linux-ia32': 'D:\\project-qian\\linzhi-qianduan\\node_modules\\@esbuild\\.linux-ia32-a2bwjgJ3',
218 silly reify   'D:\\project-qian\\linzhi-qianduan\\node_modules\\@esbuild\\win32-arm64': 'D:\\project-qian\\linzhi-qianduan\\node_modules\\@esbuild\\.win32-arm64-xn7MNHuP',
218 silly reify   'D:\\project-qian\\linzhi-qianduan\\node_modules\\@esbuild\\win32-ia32': 'D:\\project-qian\\linzhi-qianduan\\node_modules\\@esbuild\\.win32-ia32-uM7nbPQo',
218 silly reify   'D:\\project-qian\\linzhi-qianduan\\node_modules\\@rollup\\rollup-android-arm-eabi': 'D:\\project-qian\\linzhi-qianduan\\node_modules\\@rollup\\.rollup-android-arm-eabi-97Gvqw0B',
218 silly reify   'D:\\project-qian\\linzhi-qianduan\\node_modules\\@rollup\\rollup-android-arm64': 'D:\\project-qian\\linzhi-qianduan\\node_modules\\@rollup\\.rollup-android-arm64-NFU8XKS7',
218 silly reify   'D:\\project-qian\\linzhi-qianduan\\node_modules\\@rollup\\rollup-darwin-arm64': 'D:\\project-qian\\linzhi-qianduan\\node_modules\\@rollup\\.rollup-darwin-arm64-zvrG2zIx',
218 silly reify   'D:\\project-qian\\linzhi-qianduan\\node_modules\\@rollup\\rollup-darwin-x64': 'D:\\project-qian\\linzhi-qianduan\\node_modules\\@rollup\\.rollup-darwin-x64-NXotMcW2',
218 silly reify   'D:\\project-qian\\linzhi-qianduan\\node_modules\\@rollup\\rollup-freebsd-arm64': 'D:\\project-qian\\linzhi-qianduan\\node_modules\\@rollup\\.rollup-freebsd-arm64-SNBK13Cx',
218 silly reify   'D:\\project-qian\\linzhi-qianduan\\node_modules\\@rollup\\rollup-freebsd-x64': 'D:\\project-qian\\linzhi-qianduan\\node_modules\\@rollup\\.rollup-freebsd-x64-NTq7MHnn',
218 silly reify   'D:\\project-qian\\linzhi-qianduan\\node_modules\\@rollup\\rollup-linux-arm-gnueabihf': 'D:\\project-qian\\linzhi-qianduan\\node_modules\\@rollup\\.rollup-linux-arm-gnueabihf-Pf9qJME8',
218 silly reify   'D:\\project-qian\\linzhi-qianduan\\node_modules\\@rollup\\rollup-linux-arm-musleabihf': 'D:\\project-qian\\linzhi-qianduan\\node_modules\\@rollup\\.rollup-linux-arm-musleabihf-3UpFziLR',
218 silly reify   'D:\\project-qian\\linzhi-qianduan\\node_modules\\@rollup\\rollup-linux-arm64-musl': 'D:\\project-qian\\linzhi-qianduan\\node_modules\\@rollup\\.rollup-linux-arm64-musl-UK7MYfbc',
218 silly reify   'D:\\project-qian\\linzhi-qianduan\\node_modules\\@rollup\\rollup-linux-loong64-gnu': 'D:\\project-qian\\linzhi-qianduan\\node_modules\\@rollup\\.rollup-linux-loong64-gnu-4SHMYxcr',
218 silly reify   'D:\\project-qian\\linzhi-qianduan\\node_modules\\@rollup\\rollup-linux-arm64-gnu': 'D:\\project-qian\\linzhi-qianduan\\node_modules\\@rollup\\.rollup-linux-arm64-gnu-dRfcjjTA',
218 silly reify   'D:\\project-qian\\linzhi-qianduan\\node_modules\\@rollup\\rollup-linux-loong64-musl': 'D:\\project-qian\\linzhi-qianduan\\node_modules\\@rollup\\.rollup-linux-loong64-musl-Bggi9828',
218 silly reify   'D:\\project-qian\\linzhi-qianduan\\node_modules\\@rollup\\rollup-linux-ppc64-gnu': 'D:\\project-qian\\linzhi-qianduan\\node_modules\\@rollup\\.rollup-linux-ppc64-gnu-SQIM6son',
218 silly reify   'D:\\project-qian\\linzhi-qianduan\\node_modules\\@rollup\\rollup-linux-ppc64-musl': 'D:\\project-qian\\linzhi-qianduan\\node_modules\\@rollup\\.rollup-linux-ppc64-musl-yjMFRoUU',
218 silly reify   'D:\\project-qian\\linzhi-qianduan\\node_modules\\@rollup\\rollup-linux-riscv64-gnu': 'D:\\project-qian\\linzhi-qianduan\\node_modules\\@rollup\\.rollup-linux-riscv64-gnu-ZbS5LI0u',
218 silly reify   'D:\\project-qian\\linzhi-qianduan\\node_modules\\@rollup\\rollup-linux-riscv64-musl': 'D:\\project-qian\\linzhi-qianduan\\node_modules\\@rollup\\.rollup-linux-riscv64-musl-hDYO6EXB',
218 silly reify   'D:\\project-qian\\linzhi-qianduan\\node_modules\\@rollup\\rollup-linux-s390x-gnu': 'D:\\project-qian\\linzhi-qianduan\\node_modules\\@rollup\\.rollup-linux-s390x-gnu-BqpFJfvc',
218 silly reify   'D:\\project-qian\\linzhi-qianduan\\node_modules\\@rollup\\rollup-linux-x64-gnu': 'D:\\project-qian\\linzhi-qianduan\\node_modules\\@rollup\\.rollup-linux-x64-gnu-HObBAPiP',
218 silly reify   'D:\\project-qian\\linzhi-qianduan\\node_modules\\@rollup\\rollup-linux-x64-musl': 'D:\\project-qian\\linzhi-qianduan\\node_modules\\@rollup\\.rollup-linux-x64-musl-X4o9uuU0',
218 silly reify   'D:\\project-qian\\linzhi-qianduan\\node_modules\\@rollup\\rollup-openbsd-x64': 'D:\\project-qian\\linzhi-qianduan\\node_modules\\@rollup\\.rollup-openbsd-x64-dXEsyXwS',
218 silly reify   'D:\\project-qian\\linzhi-qianduan\\node_modules\\@rollup\\rollup-openharmony-arm64': 'D:\\project-qian\\linzhi-qianduan\\node_modules\\@rollup\\.rollup-openharmony-arm64-KSoBEIrP',
218 silly reify   'D:\\project-qian\\linzhi-qianduan\\node_modules\\@rollup\\rollup-win32-arm64-msvc': 'D:\\project-qian\\linzhi-qianduan\\node_modules\\@rollup\\.rollup-win32-arm64-msvc-fNeTXdyl',
218 silly reify   'D:\\project-qian\\linzhi-qianduan\\node_modules\\@rollup\\rollup-win32-ia32-msvc': 'D:\\project-qian\\linzhi-qianduan\\node_modules\\@rollup\\.rollup-win32-ia32-msvc-llRaO1nU',
218 silly reify   'D:\\project-qian\\linzhi-qianduan\\node_modules\\esbuild': 'D:\\project-qian\\linzhi-qianduan\\node_modules\\.esbuild-VU6BKUbl',
218 silly reify   'D:\\project-qian\\linzhi-qianduan\\node_modules\\.bin\\esbuild': 'D:\\project-qian\\linzhi-qianduan\\node_modules\\.bin\\.esbuild-9EpkB3BI',
218 silly reify   'D:\\project-qian\\linzhi-qianduan\\node_modules\\.bin\\esbuild.cmd': 'D:\\project-qian\\linzhi-qianduan\\node_modules\\.bin\\.esbuild.cmd-nwb7ZHrA',
218 silly reify   'D:\\project-qian\\linzhi-qianduan\\node_modules\\.bin\\esbuild.ps1': 'D:\\project-qian\\linzhi-qianduan\\node_modules\\.bin\\.esbuild.ps1-HB4XkXv5',
218 silly reify   'D:\\project-qian\\linzhi-qianduan\\node_modules\\rollup': 'D:\\project-qian\\linzhi-qianduan\\node_modules\\.rollup-Pb4Nz5E8',
218 silly reify   'D:\\project-qian\\linzhi-qianduan\\node_modules\\.bin\\rollup': 'D:\\project-qian\\linzhi-qianduan\\node_modules\\.bin\\.rollup-548oWEZs',
218 silly reify   'D:\\project-qian\\linzhi-qianduan\\node_modules\\.bin\\rollup.cmd': 'D:\\project-qian\\linzhi-qianduan\\node_modules\\.bin\\.rollup.cmd-B7GZhdiS',
218 silly reify   'D:\\project-qian\\linzhi-qianduan\\node_modules\\.bin\\rollup.ps1': 'D:\\project-qian\\linzhi-qianduan\\node_modules\\.bin\\.rollup.ps1-ogNQHyKC',
218 silly reify   'D:\\project-qian\\linzhi-qianduan\\node_modules\\vite': 'D:\\project-qian\\linzhi-qianduan\\node_modules\\.vite-HJQQDzSF',
218 silly reify   'D:\\project-qian\\linzhi-qianduan\\node_modules\\.bin\\vite': 'D:\\project-qian\\linzhi-qianduan\\node_modules\\.bin\\.vite-cmNIsRr3',
218 silly reify   'D:\\project-qian\\linzhi-qianduan\\node_modules\\.bin\\vite.cmd': 'D:\\project-qian\\linzhi-qianduan\\node_modules\\.bin\\.vite.cmd-BaE61vxV',
218 silly reify   'D:\\project-qian\\linzhi-qianduan\\node_modules\\.bin\\vite.ps1': 'D:\\project-qian\\linzhi-qianduan\\node_modules\\.bin\\.vite.ps1-iK7JHK7J',
218 silly reify   'D:\\project-qian\\linzhi-qianduan\\node_modules\\@esbuild\\win32-x64': 'D:\\project-qian\\linzhi-qianduan\\node_modules\\@esbuild\\.win32-x64-BFIeKPsS',
218 silly reify   'D:\\project-qian\\linzhi-qianduan\\node_modules\\@rollup\\rollup-win32-x64-gnu': 'D:\\project-qian\\linzhi-qianduan\\node_modules\\@rollup\\.rollup-win32-x64-gnu-edM60CPm',
218 silly reify   'D:\\project-qian\\linzhi-qianduan\\node_modules\\@rollup\\rollup-win32-x64-msvc': 'D:\\project-qian\\linzhi-qianduan\\node_modules\\@rollup\\.rollup-win32-x64-msvc-N5mGLEvQ',
218 silly reify   'D:\\project-qian\\linzhi-qianduan\\node_modules\\@types\\estree': 'D:\\project-qian\\linzhi-qianduan\\node_modules\\@types\\.estree-wG6JJgHB'
218 silly reify }
219 timing reify:retireShallow Completed in 21ms
220 timing reify:createSparse Completed in 11ms
221 timing reify:loadBundles Completed in 0ms
222 silly audit bulk request {
222 silly audit   'convert-source-map': [ '2.0.0' ],
222 silly audit   'baseline-browser-mapping': [ '2.10.19' ],
222 silly audit   csstype: [ '3.2.3' ],
222 silly audit   browserslist: [ '4.28.2' ],
222 silly audit   'electron-to-chromium': [ '1.5.340' ],
222 silly audit   debug: [ '4.4.3' ],
222 silly audit   escalade: [ '3.2.0' ],
222 silly audit   gensync: [ '1.0.0-beta.2' ],
222 silly audit   'js-tokens': [ '4.0.0' ],
222 silly audit   json5: [ '2.2.3' ],
222 silly audit   jsesc: [ '3.1.0' ],
222 silly audit   'lru-cache': [ '5.1.1' ],
222 silly audit   nanoid: [ '3.3.11' ],
222 silly audit   ms: [ '2.1.3' ],
222 silly audit   'loose-envify': [ '1.4.0' ],
222 silly audit   picocolors: [ '1.1.1' ],
222 silly audit   'node-releases': [ '2.0.37' ],
222 silly audit   postcss: [ '8.5.10' ],
222 silly audit   react: [ '18.3.1' ],
222 silly audit   'react-dom': [ '18.3.1' ],
222 silly audit   'react-refresh': [ '0.17.0' ],
222 silly audit   scheduler: [ '0.23.2' ],
222 silly audit   semver: [ '6.3.1' ],
222 silly audit   'source-map-js': [ '1.2.1' ],
222 silly audit   typescript: [ '5.9.3' ],
222 silly audit   'react-router-dom': [ '6.30.3' ],
222 silly audit   'react-router': [ '6.30.3' ],
222 silly audit   'update-browserslist-db': [ '1.2.3' ],
222 silly audit   yallist: [ '3.1.1' ],
222 silly audit   '@babel/core': [ '7.29.0' ],
222 silly audit   'caniuse-lite': [ '1.0.30001788' ],
222 silly audit   '@babel/generator': [ '7.29.1' ],
222 silly audit   '@babel/helper-globals': [ '7.28.0' ],
222 silly audit   '@babel/code-frame': [ '7.29.0' ],
222 silly audit   '@babel/helper-module-imports': [ '7.28.6' ],
222 silly audit   '@babel/helper-compilation-targets': [ '7.28.6' ],
222 silly audit   '@babel/helper-plugin-utils': [ '7.28.6' ],
222 silly audit   '@babel/helper-module-transforms': [ '7.28.6' ],
222 silly audit   '@babel/helper-validator-identifier': [ '7.28.5' ],
222 silly audit   '@babel/helper-string-parser': [ '7.27.1' ],
222 silly audit   '@babel/compat-data': [ '7.29.0' ],
222 silly audit   '@babel/helpers': [ '7.29.2' ],
222 silly audit   '@babel/helper-validator-option': [ '7.27.1' ],
222 silly audit   '@babel/plugin-transform-react-jsx-self': [ '7.27.1' ],
222 silly audit   '@babel/plugin-transform-react-jsx-source': [ '7.27.1' ],
222 silly audit   '@babel/template': [ '7.28.6' ],
222 silly audit   '@babel/traverse': [ '7.29.0' ],
222 silly audit   '@babel/types': [ '7.29.0' ],
222 silly audit   '@jridgewell/gen-mapping': [ '0.3.13' ],
222 silly audit   '@babel/parser': [ '7.29.2' ],
222 silly audit   '@jridgewell/remapping': [ '2.3.5' ],
222 silly audit   '@jridgewell/sourcemap-codec': [ '1.5.5' ],
222 silly audit   '@jridgewell/trace-mapping': [ '0.3.31' ],
222 silly audit   '@jridgewell/resolve-uri': [ '3.1.2' ],
222 silly audit   '@rolldown/pluginutils': [ '1.0.0-beta.27' ],
222 silly audit   '@types/babel__core': [ '7.20.5' ],
222 silly audit   '@types/babel__generator': [ '7.27.0' ],
222 silly audit   '@remix-run/router': [ '1.23.2' ],
222 silly audit   '@types/babel__traverse': [ '7.28.0' ],
222 silly audit   '@types/babel__template': [ '7.4.4' ],
222 silly audit   '@types/prop-types': [ '15.7.15' ],
222 silly audit   '@types/react': [ '18.3.28' ],
222 silly audit   '@types/react-dom': [ '18.3.7' ],
222 silly audit   '@vitejs/plugin-react': [ '4.7.0' ],
222 silly audit   vite: [ '4.5.14' ],
222 silly audit   esbuild: [ '0.18.20' ],
222 silly audit   fsevents: [ '2.3.3' ],
222 silly audit   rollup: [ '3.30.0' ],
222 silly audit   '@esbuild/android-arm': [ '0.18.20' ],
222 silly audit   '@esbuild/android-arm64': [ '0.18.20' ],
222 silly audit   '@esbuild/android-x64': [ '0.18.20' ],
222 silly audit   '@esbuild/darwin-arm64': [ '0.18.20' ],
222 silly audit   '@esbuild/darwin-x64': [ '0.18.20' ],
222 silly audit   '@esbuild/freebsd-arm64': [ '0.18.20' ],
222 silly audit   '@esbuild/freebsd-x64': [ '0.18.20' ],
222 silly audit   '@esbuild/linux-arm': [ '0.18.20' ],
222 silly audit   '@esbuild/linux-arm64': [ '0.18.20' ],
222 silly audit   '@esbuild/linux-ia32': [ '0.18.20' ],
222 silly audit   '@esbuild/linux-loong64': [ '0.18.20' ],
222 silly audit   '@esbuild/linux-mips64el': [ '0.18.20' ],
222 silly audit   '@esbuild/linux-ppc64': [ '0.18.20' ],
222 silly audit   '@esbuild/linux-riscv64': [ '0.18.20' ],
222 silly audit   '@esbuild/linux-s390x': [ '0.18.20' ],
222 silly audit   '@esbuild/linux-x64': [ '0.18.20' ],
222 silly audit   '@esbuild/netbsd-x64': [ '0.18.20' ],
222 silly audit   '@esbuild/openbsd-x64': [ '0.18.20' ],
222 silly audit   '@esbuild/sunos-x64': [ '0.18.20' ],
222 silly audit   '@esbuild/win32-arm64': [ '0.18.20' ],
222 silly audit   '@esbuild/win32-ia32': [ '0.18.20' ],
222 silly audit   '@esbuild/win32-x64': [ '0.18.20' ]
222 silly audit }
223 verbose reify failed optional dependency D:\project-qian\linzhi-qianduan\node_modules\esbuild\node_modules\@esbuild\win32-ia32
224 silly reify mark deleted [
224 silly reify   'D:\\project-qian\\linzhi-qianduan\\node_modules\\esbuild\\node_modules\\@esbuild\\win32-ia32'
224 silly reify ]
225 verbose reify failed optional dependency D:\project-qian\linzhi-qianduan\node_modules\esbuild\node_modules\@esbuild\win32-arm64
226 silly reify mark deleted [
226 silly reify   'D:\\project-qian\\linzhi-qianduan\\node_modules\\esbuild\\node_modules\\@esbuild\\win32-arm64'
226 silly reify ]
227 verbose reify failed optional dependency D:\project-qian\linzhi-qianduan\node_modules\esbuild\node_modules\@esbuild\sunos-x64
228 silly reify mark deleted [
228 silly reify   'D:\\project-qian\\linzhi-qianduan\\node_modules\\esbuild\\node_modules\\@esbuild\\sunos-x64'
228 silly reify ]
229 verbose reify failed optional dependency D:\project-qian\linzhi-qianduan\node_modules\esbuild\node_modules\@esbuild\openbsd-x64
230 silly reify mark deleted [
230 silly reify   'D:\\project-qian\\linzhi-qianduan\\node_modules\\esbuild\\node_modules\\@esbuild\\openbsd-x64'
230 silly reify ]
231 verbose reify failed optional dependency D:\project-qian\linzhi-qianduan\node_modules\esbuild\node_modules\@esbuild\netbsd-x64
232 silly reify mark deleted [
232 silly reify   'D:\\project-qian\\linzhi-qianduan\\node_modules\\esbuild\\node_modules\\@esbuild\\netbsd-x64'
232 silly reify ]
233 verbose reify failed optional dependency D:\project-qian\linzhi-qianduan\node_modules\esbuild\node_modules\@esbuild\linux-x64
234 silly reify mark deleted [
234 silly reify   'D:\\project-qian\\linzhi-qianduan\\node_modules\\esbuild\\node_modules\\@esbuild\\linux-x64'
234 silly reify ]
235 verbose reify failed optional dependency D:\project-qian\linzhi-qianduan\node_modules\esbuild\node_modules\@esbuild\linux-s390x
236 silly reify mark deleted [
236 silly reify   'D:\\project-qian\\linzhi-qianduan\\node_modules\\esbuild\\node_modules\\@esbuild\\linux-s390x'
236 silly reify ]
237 verbose reify failed optional dependency D:\project-qian\linzhi-qianduan\node_modules\esbuild\node_modules\@esbuild\linux-riscv64
238 silly reify mark deleted [
238 silly reify   'D:\\project-qian\\linzhi-qianduan\\node_modules\\esbuild\\node_modules\\@esbuild\\linux-riscv64'
238 silly reify ]
239 verbose reify failed optional dependency D:\project-qian\linzhi-qianduan\node_modules\esbuild\node_modules\@esbuild\linux-ppc64
240 silly reify mark deleted [
240 silly reify   'D:\\project-qian\\linzhi-qianduan\\node_modules\\esbuild\\node_modules\\@esbuild\\linux-ppc64'
240 silly reify ]
241 verbose reify failed optional dependency D:\project-qian\linzhi-qianduan\node_modules\esbuild\node_modules\@esbuild\linux-mips64el
242 silly reify mark deleted [
242 silly reify   'D:\\project-qian\\linzhi-qianduan\\node_modules\\esbuild\\node_modules\\@esbuild\\linux-mips64el'
242 silly reify ]
243 verbose reify failed optional dependency D:\project-qian\linzhi-qianduan\node_modules\esbuild\node_modules\@esbuild\linux-loong64
244 silly reify mark deleted [
244 silly reify   'D:\\project-qian\\linzhi-qianduan\\node_modules\\esbuild\\node_modules\\@esbuild\\linux-loong64'
244 silly reify ]
245 verbose reify failed optional dependency D:\project-qian\linzhi-qianduan\node_modules\esbuild\node_modules\@esbuild\linux-ia32
246 silly reify mark deleted [
246 silly reify   'D:\\project-qian\\linzhi-qianduan\\node_modules\\esbuild\\node_modules\\@esbuild\\linux-ia32'
246 silly reify ]
247 verbose reify failed optional dependency D:\project-qian\linzhi-qianduan\node_modules\esbuild\node_modules\@esbuild\linux-arm64
248 silly reify mark deleted [
248 silly reify   'D:\\project-qian\\linzhi-qianduan\\node_modules\\esbuild\\node_modules\\@esbuild\\linux-arm64'
248 silly reify ]
249 verbose reify failed optional dependency D:\project-qian\linzhi-qianduan\node_modules\esbuild\node_modules\@esbuild\linux-arm
250 silly reify mark deleted [
250 silly reify   'D:\\project-qian\\linzhi-qianduan\\node_modules\\esbuild\\node_modules\\@esbuild\\linux-arm'
250 silly reify ]
251 verbose reify failed optional dependency D:\project-qian\linzhi-qianduan\node_modules\esbuild\node_modules\@esbuild\freebsd-x64
252 silly reify mark deleted [
252 silly reify   'D:\\project-qian\\linzhi-qianduan\\node_modules\\esbuild\\node_modules\\@esbuild\\freebsd-x64'
252 silly reify ]
253 verbose reify failed optional dependency D:\project-qian\linzhi-qianduan\node_modules\esbuild\node_modules\@esbuild\freebsd-arm64
254 silly reify mark deleted [
254 silly reify   'D:\\project-qian\\linzhi-qianduan\\node_modules\\esbuild\\node_modules\\@esbuild\\freebsd-arm64'
254 silly reify ]
255 verbose reify failed optional dependency D:\project-qian\linzhi-qianduan\node_modules\esbuild\node_modules\@esbuild\darwin-x64
256 silly reify mark deleted [
256 silly reify   'D:\\project-qian\\linzhi-qianduan\\node_modules\\esbuild\\node_modules\\@esbuild\\darwin-x64'
256 silly reify ]
257 verbose reify failed optional dependency D:\project-qian\linzhi-qianduan\node_modules\esbuild\node_modules\@esbuild\darwin-arm64
258 silly reify mark deleted [
258 silly reify   'D:\\project-qian\\linzhi-qianduan\\node_modules\\esbuild\\node_modules\\@esbuild\\darwin-arm64'
258 silly reify ]
259 verbose reify failed optional dependency D:\project-qian\linzhi-qianduan\node_modules\esbuild\node_modules\@esbuild\android-x64
260 silly reify mark deleted [
260 silly reify   'D:\\project-qian\\linzhi-qianduan\\node_modules\\esbuild\\node_modules\\@esbuild\\android-x64'
260 silly reify ]
261 verbose reify failed optional dependency D:\project-qian\linzhi-qianduan\node_modules\esbuild\node_modules\@esbuild\android-arm64
262 silly reify mark deleted [
262 silly reify   'D:\\project-qian\\linzhi-qianduan\\node_modules\\esbuild\\node_modules\\@esbuild\\android-arm64'
262 silly reify ]
263 verbose reify failed optional dependency D:\project-qian\linzhi-qianduan\node_modules\esbuild\node_modules\@esbuild\android-arm
264 silly reify mark deleted [
264 silly reify   'D:\\project-qian\\linzhi-qianduan\\node_modules\\esbuild\\node_modules\\@esbuild\\android-arm'
264 silly reify ]
265 verbose reify failed optional dependency D:\project-qian\linzhi-qianduan\node_modules\fsevents
266 silly reify mark deleted [ 'D:\\project-qian\\linzhi-qianduan\\node_modules\\fsevents' ]
267 timing reifyNode:node_modules/esbuild/node_modules/@esbuild/win32-ia32 Completed in 12ms
268 timing reifyNode:node_modules/esbuild/node_modules/@esbuild/win32-arm64 Completed in 12ms
269 timing reifyNode:node_modules/esbuild/node_modules/@esbuild/sunos-x64 Completed in 12ms
270 timing reifyNode:node_modules/esbuild/node_modules/@esbuild/openbsd-x64 Completed in 12ms
271 timing reifyNode:node_modules/esbuild/node_modules/@esbuild/netbsd-x64 Completed in 12ms
272 timing reifyNode:node_modules/esbuild/node_modules/@esbuild/linux-x64 Completed in 12ms
273 timing reifyNode:node_modules/esbuild/node_modules/@esbuild/linux-s390x Completed in 12ms
274 timing reifyNode:node_modules/esbuild/node_modules/@esbuild/linux-riscv64 Completed in 12ms
275 timing reifyNode:node_modules/esbuild/node_modules/@esbuild/linux-ppc64 Completed in 12ms
276 timing reifyNode:node_modules/esbuild/node_modules/@esbuild/linux-mips64el Completed in 12ms
277 timing reifyNode:node_modules/esbuild/node_modules/@esbuild/linux-loong64 Completed in 12ms
278 timing reifyNode:node_modules/esbuild/node_modules/@esbuild/linux-ia32 Completed in 12ms
279 timing reifyNode:node_modules/esbuild/node_modules/@esbuild/linux-arm64 Completed in 12ms
280 timing reifyNode:node_modules/esbuild/node_modules/@esbuild/linux-arm Completed in 12ms
281 timing reifyNode:node_modules/esbuild/node_modules/@esbuild/freebsd-x64 Completed in 12ms
282 timing reifyNode:node_modules/esbuild/node_modules/@esbuild/freebsd-arm64 Completed in 12ms
283 timing reifyNode:node_modules/esbuild/node_modules/@esbuild/darwin-x64 Completed in 12ms
284 timing reifyNode:node_modules/esbuild/node_modules/@esbuild/darwin-arm64 Completed in 12ms
285 timing reifyNode:node_modules/esbuild/node_modules/@esbuild/android-x64 Completed in 12ms
286 timing reifyNode:node_modules/esbuild/node_modules/@esbuild/android-arm64 Completed in 12ms
287 timing reifyNode:node_modules/esbuild/node_modules/@esbuild/android-arm Completed in 12ms
288 timing reifyNode:node_modules/fsevents Completed in 12ms
289 silly tarball no local data for @esbuild/win32-x64@https://registry.npmmirror.com/@esbuild/win32-x64/-/win32-x64-0.18.20.tgz. Extracting by manifest.
290 silly tarball no local data for rollup@https://registry.npmmirror.com/rollup/-/rollup-3.30.0.tgz. Extracting by manifest.
291 silly tarball no local data for vite@https://registry.npmmirror.com/vite/-/vite-4.5.14.tgz. Extracting by manifest.
292 silly tarball no local data for esbuild@https://registry.npmmirror.com/esbuild/-/esbuild-0.18.20.tgz. Extracting by manifest.
293 http fetch POST 404 https://registry.npmmirror.com/-/npm/v1/security/advisories/bulk 366ms
294 silly audit bulk request failed [object Object]
295 http fetch POST 404 https://registry.npmmirror.com/-/npm/v1/security/audits/quick 32ms
296 verbose audit error HttpErrorGeneral: 404 Not Found - POST https://registry.npmmirror.com/-/npm/v1/security/audits/quick - [NOT_IMPLEMENTED] /-/npm/v1/security/* not implemented yet
296 verbose audit error     at C:\Users\zhangxt\AppData\Local\nvm\v16.15.1\node_modules\npm\node_modules\npm-registry-fetch\lib\check-response.js:93:15
296 verbose audit error     at processTicksAndRejections (node:internal/process/task_queues:96:5)
296 verbose audit error     at async Map.[getReport] (C:\Users\zhangxt\AppData\Local\nvm\v16.15.1\node_modules\npm\node_modules\@npmcli\arborist\lib\audit-report.js:333:21)
296 verbose audit error     at async Map.run (C:\Users\zhangxt\AppData\Local\nvm\v16.15.1\node_modules\npm\node_modules\@npmcli\arborist\lib\audit-report.js:106:19) {
296 verbose audit error   headers: [Object: null prototype] {
296 verbose audit error     server: [ 'Tengine' ],
296 verbose audit error     date: [ 'Sat, 18 Apr 2026 10:23:33 GMT' ],
296 verbose audit error     'content-type': [ 'application/json' ],
296 verbose audit error     'transfer-encoding': [ 'chunked' ],
296 verbose audit error     connection: [ 'keep-alive' ],
296 verbose audit error     'strict-transport-security': [ 'max-age=5184000' ],
296 verbose audit error     via: [ 'kunlun10.cn5220[,404666]' ],
296 verbose audit error     'timing-allow-origin': [ '*' ],
296 verbose audit error     eagleid: [ '77bcac9e17765078136826494e' ],
296 verbose audit error     'x-fetch-attempts': [ '1' ]
296 verbose audit error   },
296 verbose audit error   statusCode: 404,
296 verbose audit error   code: 'E404',
296 verbose audit error   method: 'POST',
296 verbose audit error   uri: 'https://registry.npmmirror.com/-/npm/v1/security/audits/quick',
296 verbose audit error   body: {
296 verbose audit error     error: '[NOT_IMPLEMENTED] /-/npm/v1/security/* not implemented yet'
296 verbose audit error   },
296 verbose audit error   pkgid: undefined
296 verbose audit error }
297 silly audit error [object Object]
298 timing auditReport:getReport Completed in 406ms
299 silly audit report null
300 timing reify:audit Completed in 406ms
301 http fetch GET 200 https://cdn.npmmirror.com/packages/rollup/3.30.0/rollup-3.30.0.tgz 1035ms (cache miss)
302 timing reifyNode:node_modules/rollup Completed in 1053ms
303 http fetch GET 200 https://cdn.npmmirror.com/packages/esbuild/0.18.20/esbuild-0.18.20.tgz 1037ms (cache miss)
304 timing reifyNode:node_modules/esbuild Completed in 1058ms
305 http fetch GET 200 https://cdn.npmmirror.com/packages/%40esbuild/win32-x64/0.18.20/win32-x64-0.18.20.tgz 1599ms (cache miss)
306 timing reifyNode:node_modules/@esbuild/win32-x64 Completed in 1616ms
307 http fetch GET 200 https://cdn.npmmirror.com/packages/vite/4.5.14/vite-4.5.14.tgz 4592ms (cache miss)
308 timing reifyNode:node_modules/vite Completed in 4611ms
309 timing reify:unpack Completed in 4612ms
310 timing reify:unretire Completed in 0ms
311 timing build:queue Completed in 1ms
312 timing build:link:node_modules/esbuild Completed in 3ms
313 timing build:link:node_modules/vite Completed in 3ms
314 timing build:link:node_modules/rollup Completed in 3ms
315 timing build:link Completed in 3ms
316 info run esbuild@0.18.20 postinstall node_modules/esbuild node install.js
317 info run esbuild@0.18.20 postinstall { code: 0, signal: null }
318 timing build:run:postinstall:node_modules/esbuild Completed in 1653ms
319 timing build:run:postinstall Completed in 1653ms
320 timing build:deps Completed in 1659ms
321 timing build Completed in 1659ms
322 timing reify:build Completed in 1659ms
323 timing reify:trash Completed in 10ms
324 timing reify:save Completed in 8ms
325 timing reify Completed in 6595ms
326 silly REMOVE node_modules/@types/estree
327 silly REMOVE node_modules/@rollup/rollup-win32-x64-msvc
328 silly REMOVE node_modules/@rollup/rollup-win32-x64-gnu
329 silly CHANGE node_modules/@esbuild/win32-x64
330 silly CHANGE node_modules/vite
331 silly CHANGE node_modules/rollup
332 silly CHANGE node_modules/esbuild
333 silly ADD
334 silly ADD
335 silly ADD
336 silly ADD
337 silly ADD
338 silly ADD
339 silly ADD
340 silly ADD
341 silly ADD
342 silly ADD
343 silly ADD
344 silly ADD
345 silly ADD
346 silly ADD
347 silly ADD
348 silly ADD
349 silly ADD
350 silly ADD
351 silly ADD
352 silly ADD
353 silly ADD
354 silly REMOVE node_modules/@rollup/rollup-win32-ia32-msvc
355 silly REMOVE node_modules/@rollup/rollup-win32-arm64-msvc
356 silly REMOVE node_modules/@rollup/rollup-openharmony-arm64
357 silly REMOVE node_modules/@rollup/rollup-openbsd-x64
358 silly REMOVE node_modules/@rollup/rollup-linux-x64-musl
359 silly REMOVE node_modules/@rollup/rollup-linux-x64-gnu
360 silly REMOVE node_modules/@rollup/rollup-linux-s390x-gnu
361 silly REMOVE node_modules/@rollup/rollup-linux-riscv64-musl
362 silly REMOVE node_modules/@rollup/rollup-linux-riscv64-gnu
363 silly REMOVE node_modules/@rollup/rollup-linux-ppc64-musl
364 silly REMOVE node_modules/@rollup/rollup-linux-ppc64-gnu
365 silly REMOVE node_modules/@rollup/rollup-linux-loong64-musl
366 silly REMOVE node_modules/@rollup/rollup-linux-arm64-gnu
367 silly REMOVE node_modules/@rollup/rollup-linux-loong64-gnu
368 silly REMOVE node_modules/@rollup/rollup-linux-arm64-musl
369 silly REMOVE node_modules/@rollup/rollup-linux-arm-musleabihf
370 silly REMOVE node_modules/@rollup/rollup-linux-arm-gnueabihf
371 silly REMOVE node_modules/@rollup/rollup-freebsd-x64
372 silly REMOVE node_modules/@rollup/rollup-freebsd-arm64
373 silly REMOVE node_modules/@rollup/rollup-darwin-x64
374 silly REMOVE node_modules/@rollup/rollup-darwin-arm64
375 silly REMOVE node_modules/@rollup/rollup-android-arm64
376 silly REMOVE node_modules/@rollup/rollup-android-arm-eabi
377 silly REMOVE node_modules/@esbuild/win32-ia32
378 silly REMOVE node_modules/@esbuild/win32-arm64
379 silly REMOVE node_modules/@esbuild/linux-ia32
380 silly REMOVE node_modules/@esbuild/sunos-x64
381 silly REMOVE node_modules/@esbuild/openbsd-x64
382 silly REMOVE node_modules/@esbuild/netbsd-x64
383 silly REMOVE node_modules/@esbuild/linux-x64
384 silly REMOVE node_modules/@esbuild/linux-s390x
385 silly REMOVE node_modules/@esbuild/linux-riscv64
386 silly REMOVE node_modules/@esbuild/linux-ppc64
387 silly REMOVE node_modules/@esbuild/linux-mips64el
388 silly REMOVE node_modules/@esbuild/linux-loong64
389 silly REMOVE node_modules/@esbuild/linux-arm64
390 silly REMOVE node_modules/@esbuild/freebsd-arm64
391 silly REMOVE node_modules/@esbuild/linux-arm
392 silly REMOVE node_modules/@esbuild/freebsd-x64
393 silly REMOVE node_modules/@esbuild/darwin-x64
394 silly REMOVE node_modules/@esbuild/darwin-arm64
395 silly REMOVE node_modules/@esbuild/android-x64
396 silly REMOVE node_modules/@esbuild/android-arm64
397 silly REMOVE node_modules/@esbuild/android-arm
398 silly REMOVE node_modules/@esbuild/aix-ppc64
399 silly CHANGE node_modules/fsevents
400 timing command:install Completed in 6599ms
401 verbose exit 0
402 timing npm Completed in 6671ms
403 info ok
