0 verbose cli C:\nvm4w\nodejs\node.exe C:\nvm4w\nodejs\node_modules\npm\bin\npm-cli.js
1 info using npm@8.11.0
2 info using node@v16.15.1
3 timing npm:load:whichnode Completed in 0ms
4 timing config:load:defaults Completed in 1ms
5 timing config:load:file:C:\Users\zhangxt\AppData\Local\nvm\v16.15.1\node_modules\npm\npmrc Completed in 1ms
6 timing config:load:builtin Completed in 1ms
7 timing config:load:cli Completed in 1ms
8 timing config:load:env Completed in 0ms
9 timing config:load:file:D:\project-qian\linzhi-qianduan\.npmrc Completed in 0ms
10 timing config:load:project Completed in 1ms
11 timing config:load:file:C:\Users\zhangxt\.npmrc Completed in 1ms
12 timing config:load:user Completed in 1ms
13 timing config:load:file:C:\nvm4w\nodejs\etc\npmrc Completed in 0ms
14 timing config:load:global Completed in 0ms
15 timing config:load:validate Completed in 1ms
16 timing config:load:credentials Completed in 0ms
17 timing config:load:setEnvs Completed in 1ms
18 timing config:load Completed in 7ms
19 timing npm:load:configload Completed in 7ms
20 timing npm:load:mkdirpcache Completed in 1ms
21 timing npm:load:mkdirplogs Completed in 0ms
22 verbose title npm install
23 verbose argv "install"
24 timing npm:load:setTitle Completed in 0ms
25 timing config:load:flatten Completed in 1ms
26 timing npm:load:display Completed in 2ms
27 verbose logfile logs-max:10 dir:d:\project-qian\linzhi-qianduan\.npm-cache\_logs
28 verbose logfile d:\project-qian\linzhi-qianduan\.npm-cache\_logs\2026-04-18T10_22_45_918Z-debug-0.log
29 timing npm:load:logFile Completed in 3ms
30 timing npm:load:timers Completed in 0ms
31 timing npm:load:configScope Completed in 0ms
32 timing npm:load Completed in 14ms
33 timing arborist:ctor Completed in 1ms
34 silly logfile done cleaning log files
35 timing arborist:ctor Completed in 0ms
36 timing idealTree:init Completed in 7ms
37 timing idealTree:userRequests Completed in 0ms
38 silly idealTree buildDeps
39 silly fetch manifest react@^18.3.1
40 http fetch GET 200 https://registry.npmmirror.com/npm 203ms (cache miss)
41 http fetch GET 200 https://registry.npmmirror.com/react 1262ms (cache miss)
42 silly fetch manifest react-dom@^18.3.1
43 http fetch GET 200 https://registry.npmmirror.com/react-dom 127ms (cache miss)
44 silly fetch manifest react-router-dom@^6.30.1
45 http fetch GET 200 https://registry.npmmirror.com/react-router-dom 72ms (cache miss)
46 silly fetch manifest @types/react@^18.3.3
47 http fetch GET 200 https://registry.npmmirror.com/@types%2freact 63ms (cache miss)
48 silly fetch manifest @types/react-dom@^18.3.0
49 http fetch GET 200 https://registry.npmmirror.com/@types%2freact-dom 63ms (cache miss)
50 silly fetch manifest @vitejs/plugin-react@^4.3.1
51 http fetch GET 200 https://registry.npmmirror.com/@vitejs%2fplugin-react 76ms (cache miss)
52 silly fetch manifest vite@^5.4.2
53 http fetch GET 200 https://registry.npmmirror.com/vite 58ms (cache miss)
54 silly fetch manifest @types/node@^18.0.0 || >=20.0.0
55 http fetch GET 200 https://registry.npmmirror.com/@types%2fnode 78ms (cache miss)
56 silly fetch manifest less@*
57 http fetch GET 200 https://registry.npmmirror.com/less 612ms (cache miss)
58 silly fetch manifest lightningcss@^1.21.0
59 http fetch GET 200 https://registry.npmmirror.com/lightningcss 38ms (cache miss)
60 silly fetch manifest sass@*
61 http fetch GET 200 https://registry.npmmirror.com/sass 35ms (cache miss)
62 silly fetch manifest sass-embedded@*
63 http fetch GET 200 https://registry.npmmirror.com/sass-embedded 44ms (cache miss)
64 silly fetch manifest stylus@*
65 http fetch GET 200 https://registry.npmmirror.com/stylus 46ms (cache miss)
66 silly fetch manifest sugarss@*
67 http fetch GET 200 https://registry.npmmirror.com/sugarss 31ms (cache miss)
68 silly fetch manifest postcss@^8.3.3
69 http fetch GET 200 https://registry.npmmirror.com/postcss 46ms (cache miss)
70 silly fetch manifest terser@^5.4.0
71 http fetch GET 200 https://registry.npmmirror.com/terser 60ms (cache miss)
72 silly fetch manifest typescript@^5.5.4
73 http fetch GET 200 https://registry.npmmirror.com/typescript 164ms (cache miss)
74 silly placeDep ROOT @types/react@18.3.28 OK for: linzhi-qianduan@0.1.0 want: ^18.3.3
75 silly placeDep ROOT @types/react-dom@18.3.7 OK for: linzhi-qianduan@0.1.0 want: ^18.3.0
76 silly placeDep ROOT @vitejs/plugin-react@4.7.0 OK for: linzhi-qianduan@0.1.0 want: ^4.3.1
77 silly placeDep ROOT vite@5.4.21 OK for: @vitejs/plugin-react@4.7.0 want: ^4.2.0 || ^5.0.0 || ^6.0.0 || ^7.0.0
78 silly placeDep ROOT react@18.3.1 OK for: linzhi-qianduan@0.1.0 want: ^18.3.1
79 silly placeDep ROOT react-dom@18.3.1 OK for: linzhi-qianduan@0.1.0 want: ^18.3.1
80 silly placeDep ROOT react-router-dom@6.30.3 OK for: linzhi-qianduan@0.1.0 want: ^6.30.1
81 silly placeDep ROOT typescript@5.9.3 OK for: linzhi-qianduan@0.1.0 want: ^5.5.4
82 silly fetch manifest @types/prop-types@*
83 silly fetch manifest csstype@^3.2.2
84 silly fetch manifest @babel/core@^7.28.0
85 silly fetch manifest @babel/plugin-transform-react-jsx-self@^7.27.1
86 silly fetch manifest @babel/plugin-transform-react-jsx-source@^7.27.1
87 silly fetch manifest @rolldown/pluginutils@1.0.0-beta.27
88 silly fetch manifest @types/babel__core@^7.20.5
89 silly fetch manifest react-refresh@^0.17.0
90 silly fetch manifest esbuild@^0.21.3
91 silly fetch manifest postcss@^8.4.43
92 silly fetch manifest rollup@^4.20.0
93 silly fetch manifest fsevents@~2.3.3
94 silly fetch manifest loose-envify@^1.1.0
95 silly fetch manifest scheduler@^0.23.2
96 silly fetch manifest @remix-run/router@1.23.2
97 silly fetch manifest react-router@6.30.3
98 http fetch GET 200 https://registry.npmmirror.com/@types%2fprop-types 65ms (cache miss)
99 http fetch GET 200 https://registry.npmmirror.com/loose-envify 115ms (cache miss)
100 http fetch GET 200 https://registry.npmmirror.com/fsevents 140ms (cache miss)
101 http fetch GET 200 https://registry.npmmirror.com/@babel%2fplugin-transform-react-jsx-source 157ms (cache miss)
102 http fetch GET 200 https://registry.npmmirror.com/@rolldown%2fpluginutils 181ms (cache miss)
103 http fetch GET 200 https://registry.npmmirror.com/esbuild 233ms (cache miss)
104 http fetch GET 200 https://registry.npmmirror.com/rollup 253ms (cache miss)
105 http fetch GET 200 https://registry.npmmirror.com/scheduler 272ms (cache miss)
106 http fetch GET 200 https://registry.npmmirror.com/csstype 292ms (cache miss)
107 http fetch GET 200 https://registry.npmmirror.com/react-router 291ms (cache miss)
108 http fetch GET 200 https://registry.npmmirror.com/react-refresh 353ms (cache miss)
109 http fetch GET 200 https://registry.npmmirror.com/@babel%2fplugin-transform-react-jsx-self 378ms (cache miss)
110 http fetch GET 200 https://registry.npmmirror.com/@types%2fbabel__core 379ms (cache miss)
111 http fetch GET 200 https://registry.npmmirror.com/@remix-run%2frouter 454ms (cache miss)
112 http fetch GET 200 https://registry.npmmirror.com/@babel%2fcore 1739ms (cache miss)
113 timing idealTree:#root Completed in 4775ms
114 silly placeDep ROOT @types/prop-types@15.7.15 OK for: @types/react@18.3.28 want: *
115 silly placeDep ROOT csstype@3.2.3 OK for: @types/react@18.3.28 want: ^3.2.2
116 timing idealTree:node_modules/@types/react Completed in 1ms
117 timing idealTree:node_modules/@types/prop-types Completed in 0ms
118 timing idealTree:node_modules/@types/react-dom Completed in 0ms
119 silly placeDep ROOT @babel/core@7.29.0 OK for: @vitejs/plugin-react@4.7.0 want: ^7.28.0
120 silly placeDep ROOT @babel/plugin-transform-react-jsx-self@7.27.1 OK for: @vitejs/plugin-react@4.7.0 want: ^7.27.1
121 silly placeDep ROOT @babel/plugin-transform-react-jsx-source@7.27.1 OK for: @vitejs/plugin-react@4.7.0 want: ^7.27.1
122 silly placeDep ROOT @rolldown/pluginutils@1.0.0-beta.27 OK for: @vitejs/plugin-react@4.7.0 want: 1.0.0-beta.27
123 silly placeDep ROOT @types/babel__core@7.20.5 OK for: @vitejs/plugin-react@4.7.0 want: ^7.20.5
124 silly placeDep ROOT react-refresh@0.17.0 OK for: @vitejs/plugin-react@4.7.0 want: ^0.17.0
125 silly fetch manifest @babel/code-frame@^7.29.0
126 silly fetch manifest @babel/generator@^7.29.0
127 silly fetch manifest @babel/helper-compilation-targets@^7.28.6
128 silly fetch manifest @babel/helper-module-transforms@^7.28.6
129 silly fetch manifest @babel/helpers@^7.28.6
130 silly fetch manifest @babel/parser@^7.29.0
131 silly fetch manifest @babel/template@^7.28.6
132 silly fetch manifest @babel/traverse@^7.29.0
133 silly fetch manifest @babel/types@^7.29.0
134 silly fetch manifest @jridgewell/remapping@^2.3.5
135 silly fetch manifest convert-source-map@^2.0.0
136 silly fetch manifest debug@^4.1.0
137 silly fetch manifest gensync@^1.0.0-beta.2
138 silly fetch manifest json5@^2.2.3
139 silly fetch manifest semver@^6.3.1
140 silly fetch manifest @babel/helper-plugin-utils@^7.27.1
141 silly fetch manifest @babel/parser@^7.20.7
142 silly fetch manifest @babel/types@^7.20.7
143 silly fetch manifest @types/babel__generator@*
144 silly fetch manifest @types/babel__template@*
145 silly fetch manifest @types/babel__traverse@*
146 http fetch GET 200 https://registry.npmmirror.com/@babel%2fcode-frame 38ms (cache miss)
147 http fetch GET 200 https://registry.npmmirror.com/@babel%2ftypes 42ms (cache miss)
148 http fetch GET 200 https://registry.npmmirror.com/@babel%2ftemplate 47ms (cache miss)
149 http fetch GET 200 https://registry.npmmirror.com/@babel%2ftraverse 48ms (cache miss)
150 http fetch GET 200 https://registry.npmmirror.com/gensync 58ms (cache miss)
151 http fetch GET 200 https://registry.npmmirror.com/@babel%2fhelper-compilation-targets 61ms (cache miss)
152 http fetch GET 200 https://registry.npmmirror.com/semver 59ms (cache miss)
153 http fetch GET 200 https://registry.npmmirror.com/@babel%2fhelpers 62ms (cache miss)
154 http fetch GET 200 https://registry.npmmirror.com/convert-source-map 62ms (cache miss)
155 http fetch GET 200 https://registry.npmmirror.com/@babel%2fparser 65ms (cache miss)
156 http fetch GET 200 https://registry.npmmirror.com/@babel%2fparser 64ms (cache miss)
157 http fetch GET 200 https://registry.npmmirror.com/json5 70ms (cache miss)
158 http fetch GET 200 https://registry.npmmirror.com/@babel%2fhelper-plugin-utils 70ms (cache miss)
159 http fetch GET 200 https://registry.npmmirror.com/@babel%2ftypes 73ms (cache miss)
160 http fetch GET 200 https://registry.npmmirror.com/@jridgewell%2fremapping 76ms (cache miss)
161 http fetch GET 200 https://registry.npmmirror.com/debug 77ms (cache miss)
162 http fetch GET 200 https://registry.npmmirror.com/@babel%2fgenerator 80ms (cache miss)
163 http fetch GET 200 https://registry.npmmirror.com/@types%2fbabel__traverse 83ms (cache miss)
164 http fetch GET 200 https://registry.npmmirror.com/@babel%2fhelper-module-transforms 204ms (cache miss)
165 http fetch GET 200 https://registry.npmmirror.com/@types%2fbabel__template 325ms (cache miss)
166 http fetch GET 200 https://registry.npmmirror.com/@types%2fbabel__generator 377ms (cache miss)
167 timing idealTree:node_modules/@vitejs/plugin-react Completed in 386ms
168 silly fetch manifest @babel/core@^7.0.0
169 silly placeDep ROOT @babel/code-frame@7.29.0 OK for: @babel/core@7.29.0 want: ^7.29.0
170 silly placeDep ROOT @babel/generator@7.29.1 OK for: @babel/core@7.29.0 want: ^7.29.0
171 silly placeDep ROOT @babel/helper-compilation-targets@7.28.6 OK for: @babel/core@7.29.0 want: ^7.28.6
172 silly placeDep ROOT @babel/helper-module-transforms@7.28.6 OK for: @babel/core@7.29.0 want: ^7.28.6
173 silly placeDep ROOT @babel/helpers@7.29.2 OK for: @babel/core@7.29.0 want: ^7.28.6
174 silly placeDep ROOT @babel/parser@7.29.2 OK for: @babel/core@7.29.0 want: ^7.29.0
175 silly placeDep ROOT @babel/template@7.28.6 OK for: @babel/core@7.29.0 want: ^7.28.6
176 silly placeDep ROOT @babel/traverse@7.29.0 OK for: @babel/core@7.29.0 want: ^7.29.0
177 silly placeDep ROOT @babel/types@7.29.0 OK for: @babel/core@7.29.0 want: ^7.29.0
178 silly placeDep ROOT @jridgewell/remapping@2.3.5 OK for: @babel/core@7.29.0 want: ^2.3.5
179 silly placeDep ROOT convert-source-map@2.0.0 OK for: @babel/core@7.29.0 want: ^2.0.0
180 silly placeDep ROOT debug@4.4.3 OK for: @babel/core@7.29.0 want: ^4.1.0
181 silly placeDep ROOT gensync@1.0.0-beta.2 OK for: @babel/core@7.29.0 want: ^1.0.0-beta.2
182 silly placeDep ROOT json5@2.2.3 OK for: @babel/core@7.29.0 want: ^2.2.3
183 silly placeDep ROOT semver@6.3.1 OK for: @babel/core@7.29.0 want: ^6.3.1
184 silly fetch manifest @babel/helper-validator-identifier@^7.28.5
185 silly fetch manifest js-tokens@^4.0.0
186 silly fetch manifest picocolors@^1.1.1
187 silly fetch manifest @jridgewell/gen-mapping@^0.3.12
188 silly fetch manifest @jridgewell/trace-mapping@^0.3.28
189 silly fetch manifest jsesc@^3.0.2
190 silly fetch manifest @babel/compat-data@^7.28.6
191 silly fetch manifest @babel/helper-validator-option@^7.27.1
192 silly fetch manifest browserslist@^4.24.0
193 silly fetch manifest lru-cache@^5.1.1
194 silly fetch manifest @babel/helper-module-imports@^7.28.6
195 silly fetch manifest @babel/helper-globals@^7.28.0
196 silly fetch manifest @babel/helper-string-parser@^7.27.1
197 silly fetch manifest @jridgewell/gen-mapping@^0.3.5
198 silly fetch manifest @jridgewell/trace-mapping@^0.3.24
199 silly fetch manifest ms@^2.1.3
200 http fetch GET 200 https://registry.npmmirror.com/lru-cache 36ms (cache miss)
201 http fetch GET 200 https://registry.npmmirror.com/@babel%2fhelper-module-imports 40ms (cache miss)
202 http fetch GET 200 https://registry.npmmirror.com/@babel%2fhelper-validator-option 45ms (cache miss)
203 http fetch GET 200 https://registry.npmmirror.com/jsesc 47ms (cache miss)
204 http fetch GET 200 https://registry.npmmirror.com/@babel%2fhelper-globals 45ms (cache miss)
205 http fetch GET 200 https://registry.npmmirror.com/@babel%2fcompat-data 47ms (cache miss)
206 http fetch GET 200 https://registry.npmmirror.com/@babel%2fhelper-string-parser 56ms (cache miss)
207 http fetch GET 200 https://registry.npmmirror.com/js-tokens 61ms (cache miss)
208 http fetch GET 200 https://registry.npmmirror.com/ms 59ms (cache miss)
209 http fetch GET 200 https://registry.npmmirror.com/picocolors 65ms (cache miss)
210 http fetch GET 200 https://registry.npmmirror.com/@babel%2fhelper-validator-identifier 65ms (cache miss)
211 http fetch GET 200 https://registry.npmmirror.com/@jridgewell%2ftrace-mapping 73ms (cache miss)
212 http fetch GET 200 https://registry.npmmirror.com/@jridgewell%2fgen-mapping 74ms (cache miss)
213 http fetch GET 200 https://registry.npmmirror.com/@jridgewell%2ftrace-mapping 89ms (cache miss)
214 http fetch GET 200 https://registry.npmmirror.com/browserslist 99ms (cache miss)
215 http fetch GET 200 https://registry.npmmirror.com/@jridgewell%2fgen-mapping 274ms (cache miss)
216 timing idealTree:node_modules/@babel/core Completed in 288ms
217 silly placeDep ROOT @babel/helper-validator-identifier@7.28.5 OK for: @babel/code-frame@7.29.0 want: ^7.28.5
218 silly placeDep ROOT js-tokens@4.0.0 OK for: @babel/code-frame@7.29.0 want: ^4.0.0
219 silly placeDep ROOT picocolors@1.1.1 OK for: @babel/code-frame@7.29.0 want: ^1.1.1
220 timing idealTree:node_modules/@babel/code-frame Completed in 2ms
221 silly placeDep ROOT @jridgewell/gen-mapping@0.3.13 OK for: @babel/generator@7.29.1 want: ^0.3.12
222 silly placeDep ROOT @jridgewell/trace-mapping@0.3.31 OK for: @babel/generator@7.29.1 want: ^0.3.28
223 silly placeDep ROOT jsesc@3.1.0 OK for: @babel/generator@7.29.1 want: ^3.0.2
224 silly fetch manifest @jridgewell/sourcemap-codec@^1.5.0
225 silly fetch manifest @jridgewell/resolve-uri@^3.1.0
226 silly fetch manifest @jridgewell/sourcemap-codec@^1.4.14
227 http fetch GET 200 https://registry.npmmirror.com/@jridgewell%2fsourcemap-codec 60ms (cache miss)
228 http fetch GET 200 https://registry.npmmirror.com/@jridgewell%2fsourcemap-codec 63ms (cache miss)
229 http fetch GET 200 https://registry.npmmirror.com/@jridgewell%2fresolve-uri 74ms (cache miss)
230 timing idealTree:node_modules/@babel/generator Completed in 77ms
231 silly placeDep ROOT @babel/compat-data@7.29.0 OK for: @babel/helper-compilation-targets@7.28.6 want: ^7.28.6
232 silly placeDep ROOT @babel/helper-validator-option@7.27.1 OK for: @babel/helper-compilation-targets@7.28.6 want: ^7.27.1
233 silly placeDep ROOT browserslist@4.28.2 OK for: @babel/helper-compilation-targets@7.28.6 want: ^4.24.0
234 silly placeDep ROOT lru-cache@5.1.1 OK for: @babel/helper-compilation-targets@7.28.6 want: ^5.1.1
235 silly fetch manifest baseline-browser-mapping@^2.10.12
236 silly fetch manifest caniuse-lite@^1.0.30001782
237 silly fetch manifest electron-to-chromium@^1.5.328
238 silly fetch manifest node-releases@^2.0.36
239 silly fetch manifest update-browserslist-db@^1.2.3
240 silly fetch manifest yallist@^3.0.2
241 http fetch GET 200 https://registry.npmmirror.com/yallist 56ms (cache miss)
242 http fetch GET 200 https://registry.npmmirror.com/update-browserslist-db 57ms (cache miss)
243 http fetch GET 200 https://registry.npmmirror.com/node-releases 57ms (cache miss)
244 http fetch GET 200 https://registry.npmmirror.com/baseline-browser-mapping 61ms (cache miss)
245 http fetch GET 200 https://registry.npmmirror.com/caniuse-lite 107ms (cache miss)
246 http fetch GET 200 https://registry.npmmirror.com/electron-to-chromium 185ms (cache miss)
247 timing idealTree:node_modules/@babel/helper-compilation-targets Completed in 194ms
248 timing idealTree:node_modules/@babel/compat-data Completed in 0ms
249 silly placeDep ROOT @babel/helper-module-imports@7.28.6 OK for: @babel/helper-module-transforms@7.28.6 want: ^7.28.6
250 timing idealTree:node_modules/@babel/helper-module-transforms Completed in 1ms
251 timing idealTree:node_modules/@babel/helper-module-imports Completed in 0ms
252 timing idealTree:node_modules/@babel/helper-validator-identifier Completed in 0ms
253 timing idealTree:node_modules/@babel/helper-validator-option Completed in 0ms
254 timing idealTree:node_modules/@babel/helpers Completed in 0ms
255 timing idealTree:node_modules/@babel/parser Completed in 0ms
256 silly placeDep ROOT @babel/helper-plugin-utils@7.28.6 OK for: @babel/plugin-transform-react-jsx-self@7.27.1 want: ^7.27.1
257 timing idealTree:node_modules/@babel/plugin-transform-react-jsx-self Completed in 0ms
258 timing idealTree:node_modules/@babel/helper-plugin-utils Completed in 0ms
259 timing idealTree:node_modules/@babel/plugin-transform-react-jsx-source Completed in 0ms
260 timing idealTree:node_modules/@babel/template Completed in 0ms
261 silly placeDep ROOT @babel/helper-globals@7.28.0 OK for: @babel/traverse@7.29.0 want: ^7.28.0
262 timing idealTree:node_modules/@babel/traverse Completed in 0ms
263 timing idealTree:node_modules/@babel/helper-globals Completed in 0ms
264 silly placeDep ROOT @babel/helper-string-parser@7.27.1 OK for: @babel/types@7.29.0 want: ^7.27.1
265 timing idealTree:node_modules/@babel/types Completed in 0ms
266 timing idealTree:node_modules/@babel/helper-string-parser Completed in 0ms
267 silly placeDep ROOT @jridgewell/sourcemap-codec@1.5.5 OK for: @jridgewell/gen-mapping@0.3.13 want: ^1.5.0
268 timing idealTree:node_modules/@jridgewell/gen-mapping Completed in 1ms
269 timing idealTree:node_modules/@jridgewell/remapping Completed in 0ms
270 timing idealTree:node_modules/@jridgewell/sourcemap-codec Completed in 0ms
271 silly placeDep ROOT @jridgewell/resolve-uri@3.1.2 OK for: @jridgewell/trace-mapping@0.3.31 want: ^3.1.0
272 timing idealTree:node_modules/@jridgewell/trace-mapping Completed in 0ms
273 timing idealTree:node_modules/@jridgewell/resolve-uri Completed in 0ms
274 timing idealTree:node_modules/@rolldown/pluginutils Completed in 0ms
275 silly placeDep ROOT @types/babel__generator@7.27.0 OK for: @types/babel__core@7.20.5 want: *
276 silly placeDep ROOT @types/babel__template@7.4.4 OK for: @types/babel__core@7.20.5 want: *
277 silly placeDep ROOT @types/babel__traverse@7.28.0 OK for: @types/babel__core@7.20.5 want: *
278 timing idealTree:node_modules/@types/babel__core Completed in 2ms
279 timing idealTree:node_modules/@types/babel__generator Completed in 0ms
280 timing idealTree:node_modules/@types/babel__template Completed in 0ms
281 timing idealTree:node_modules/@types/babel__traverse Completed in 0ms
282 silly fetch manifest browserslist@>= 4.21.0
283 silly placeDep ROOT baseline-browser-mapping@2.10.19 OK for: browserslist@4.28.2 want: ^2.10.12
284 silly placeDep ROOT caniuse-lite@1.0.30001788 OK for: browserslist@4.28.2 want: ^1.0.30001782
285 silly placeDep ROOT electron-to-chromium@1.5.340 OK for: browserslist@4.28.2 want: ^1.5.328
286 silly placeDep ROOT node-releases@2.0.37 OK for: browserslist@4.28.2 want: ^2.0.36
287 silly placeDep ROOT update-browserslist-db@1.2.3 OK for: browserslist@4.28.2 want: ^1.2.3
288 silly fetch manifest escalade@^3.2.0
289 http fetch GET 200 https://registry.npmmirror.com/escalade 68ms (cache miss)
290 timing idealTree:node_modules/browserslist Completed in 71ms
291 timing idealTree:node_modules/baseline-browser-mapping Completed in 0ms
292 timing idealTree:node_modules/caniuse-lite Completed in 0ms
293 timing idealTree:node_modules/convert-source-map Completed in 0ms
294 timing idealTree:node_modules/csstype Completed in 0ms
295 silly placeDep ROOT ms@2.1.3 OK for: debug@4.4.3 want: ^2.1.3
296 timing idealTree:node_modules/debug Completed in 1ms
297 timing idealTree:node_modules/electron-to-chromium Completed in 0ms
298 timing idealTree:node_modules/gensync Completed in 0ms
299 timing idealTree:node_modules/js-tokens Completed in 0ms
300 timing idealTree:node_modules/jsesc Completed in 0ms
301 timing idealTree:node_modules/json5 Completed in 0ms
302 silly placeDep ROOT yallist@3.1.1 OK for: lru-cache@5.1.1 want: ^3.0.2
303 timing idealTree:node_modules/lru-cache Completed in 1ms
304 timing idealTree:node_modules/ms Completed in 0ms
305 timing idealTree:node_modules/node-releases Completed in 0ms
306 timing idealTree:node_modules/picocolors Completed in 0ms
307 silly placeDep ROOT loose-envify@1.4.0 OK for: react@18.3.1 want: ^1.1.0
308 timing idealTree:node_modules/react Completed in 0ms
309 timing idealTree:node_modules/loose-envify Completed in 0ms
310 silly placeDep ROOT scheduler@0.23.2 OK for: react-dom@18.3.1 want: ^0.23.2
311 timing idealTree:node_modules/react-dom Completed in 1ms
312 timing idealTree:node_modules/react-refresh Completed in 0ms
313 silly fetch manifest react@>=16.8
314 silly placeDep ROOT @remix-run/router@1.23.2 OK for: react-router-dom@6.30.3 want: 1.23.2
315 silly placeDep ROOT react-router@6.30.3 OK for: react-router-dom@6.30.3 want: 6.30.3
316 timing idealTree:node_modules/react-router-dom Completed in 2ms
317 timing idealTree:node_modules/@remix-run/router Completed in 0ms
318 timing idealTree:node_modules/react-router Completed in 0ms
319 timing idealTree:node_modules/scheduler Completed in 0ms
320 timing idealTree:node_modules/semver Completed in 0ms
321 timing idealTree:node_modules/typescript Completed in 0ms
322 silly placeDep ROOT escalade@3.2.0 OK for: update-browserslist-db@1.2.3 want: ^3.2.0
323 timing idealTree:node_modules/update-browserslist-db Completed in 1ms
324 timing idealTree:node_modules/escalade Completed in 0ms
325 silly placeDep ROOT esbuild@0.21.5 OK for: vite@5.4.21 want: ^0.21.3
326 silly placeDep ROOT fsevents@2.3.3 OK for: vite@5.4.21 want: ~2.3.3
327 silly placeDep ROOT postcss@8.5.10 OK for: vite@5.4.21 want: ^8.4.43
328 silly placeDep ROOT rollup@4.60.1 OK for: vite@5.4.21 want: ^4.20.0
329 silly fetch manifest @esbuild/aix-ppc64@0.21.5
330 silly fetch manifest @esbuild/android-arm@0.21.5
331 silly fetch manifest @esbuild/android-arm64@0.21.5
332 silly fetch manifest @esbuild/android-x64@0.21.5
333 silly fetch manifest @esbuild/darwin-arm64@0.21.5
334 silly fetch manifest @esbuild/darwin-x64@0.21.5
335 silly fetch manifest @esbuild/freebsd-arm64@0.21.5
336 silly fetch manifest @esbuild/freebsd-x64@0.21.5
337 silly fetch manifest @esbuild/linux-arm@0.21.5
338 silly fetch manifest @esbuild/linux-arm64@0.21.5
339 silly fetch manifest @esbuild/linux-ia32@0.21.5
340 silly fetch manifest @esbuild/linux-loong64@0.21.5
341 silly fetch manifest @esbuild/linux-mips64el@0.21.5
342 silly fetch manifest @esbuild/linux-ppc64@0.21.5
343 silly fetch manifest @esbuild/linux-riscv64@0.21.5
344 silly fetch manifest @esbuild/linux-s390x@0.21.5
345 silly fetch manifest @esbuild/linux-x64@0.21.5
346 silly fetch manifest @esbuild/netbsd-x64@0.21.5
347 silly fetch manifest @esbuild/openbsd-x64@0.21.5
348 silly fetch manifest @esbuild/sunos-x64@0.21.5
349 silly fetch manifest @esbuild/win32-arm64@0.21.5
350 silly fetch manifest @esbuild/win32-ia32@0.21.5
351 silly fetch manifest @esbuild/win32-x64@0.21.5
352 silly fetch manifest nanoid@^3.3.11
353 silly fetch manifest source-map-js@^1.2.1
354 silly fetch manifest @types/estree@1.0.8
355 silly fetch manifest @rollup/rollup-darwin-arm64@4.60.1
356 silly fetch manifest @rollup/rollup-android-arm64@4.60.1
357 silly fetch manifest @rollup/rollup-win32-arm64-msvc@4.60.1
358 silly fetch manifest @rollup/rollup-freebsd-arm64@4.60.1
359 silly fetch manifest @rollup/rollup-linux-arm64-gnu@4.60.1
360 silly fetch manifest @rollup/rollup-linux-arm64-musl@4.60.1
361 silly fetch manifest @rollup/rollup-android-arm-eabi@4.60.1
362 silly fetch manifest @rollup/rollup-linux-arm-gnueabihf@4.60.1
363 silly fetch manifest @rollup/rollup-linux-arm-musleabihf@4.60.1
364 silly fetch manifest @rollup/rollup-win32-ia32-msvc@4.60.1
365 silly fetch manifest @rollup/rollup-linux-loong64-gnu@4.60.1
366 silly fetch manifest @rollup/rollup-linux-loong64-musl@4.60.1
367 silly fetch manifest @rollup/rollup-linux-riscv64-gnu@4.60.1
368 silly fetch manifest @rollup/rollup-linux-riscv64-musl@4.60.1
369 silly fetch manifest @rollup/rollup-linux-ppc64-gnu@4.60.1
370 silly fetch manifest @rollup/rollup-linux-ppc64-musl@4.60.1
371 silly fetch manifest @rollup/rollup-linux-s390x-gnu@4.60.1
372 silly fetch manifest @rollup/rollup-darwin-x64@4.60.1
373 silly fetch manifest @rollup/rollup-win32-x64-gnu@4.60.1
374 silly fetch manifest @rollup/rollup-win32-x64-msvc@4.60.1
375 silly fetch manifest @rollup/rollup-freebsd-x64@4.60.1
376 silly fetch manifest @rollup/rollup-linux-x64-gnu@4.60.1
377 silly fetch manifest @rollup/rollup-linux-x64-musl@4.60.1
378 silly fetch manifest @rollup/rollup-openbsd-x64@4.60.1
379 silly fetch manifest @rollup/rollup-openharmony-arm64@4.60.1
380 http fetch GET 200 https://registry.npmmirror.com/@esbuild%2flinux-ia32 48ms (cache miss)
381 http fetch GET 200 https://registry.npmmirror.com/@esbuild%2fandroid-arm 57ms (cache miss)
382 http fetch GET 200 https://registry.npmmirror.com/@esbuild%2fdarwin-x64 62ms (cache miss)
383 http fetch GET 200 https://registry.npmmirror.com/@esbuild%2ffreebsd-x64 61ms (cache miss)
384 http fetch GET 200 https://registry.npmmirror.com/@esbuild%2flinux-riscv64 65ms (cache miss)
385 http fetch GET 200 https://registry.npmmirror.com/@esbuild%2faix-ppc64 69ms (cache miss)
386 http fetch GET 200 https://registry.npmmirror.com/@esbuild%2flinux-ppc64 66ms (cache miss)
387 http fetch GET 200 https://registry.npmmirror.com/@esbuild%2fandroid-x64 70ms (cache miss)
388 http fetch GET 200 https://registry.npmmirror.com/@esbuild%2flinux-loong64 70ms (cache miss)
389 http fetch GET 200 https://registry.npmmirror.com/@esbuild%2flinux-mips64el 70ms (cache miss)
390 http fetch GET 200 https://registry.npmmirror.com/@esbuild%2fandroid-arm64 78ms (cache miss)
391 http fetch GET 200 https://registry.npmmirror.com/@esbuild%2flinux-s390x 76ms (cache miss)
392 http fetch GET 200 https://registry.npmmirror.com/@esbuild%2flinux-x64 79ms (cache miss)
393 http fetch GET 200 https://registry.npmmirror.com/@esbuild%2fopenbsd-x64 82ms (cache miss)
394 http fetch GET 200 https://registry.npmmirror.com/@esbuild%2fnetbsd-x64 83ms (cache miss)
395 http fetch GET 200 https://registry.npmmirror.com/@esbuild%2fsunos-x64 83ms (cache miss)
396 http fetch GET 200 https://registry.npmmirror.com/@esbuild%2fwin32-ia32 83ms (cache miss)
397 http fetch GET 200 https://registry.npmmirror.com/@esbuild%2flinux-arm 91ms (cache miss)
398 http fetch GET 200 https://registry.npmmirror.com/source-map-js 90ms (cache miss)
399 http fetch GET 200 https://registry.npmmirror.com/@rollup%2frollup-darwin-arm64 90ms (cache miss)
400 http fetch GET 200 https://registry.npmmirror.com/@rollup%2frollup-win32-arm64-msvc 103ms (cache miss)
401 http fetch GET 200 https://registry.npmmirror.com/@esbuild%2fwin32-x64 107ms (cache miss)
402 http fetch GET 200 https://registry.npmmirror.com/@types%2festree 107ms (cache miss)
403 http fetch GET 200 https://registry.npmmirror.com/@rollup%2frollup-linux-arm64-musl 105ms (cache miss)
404 http fetch GET 200 https://registry.npmmirror.com/nanoid 115ms (cache miss)
405 http fetch GET 200 https://registry.npmmirror.com/@rollup%2frollup-linux-arm64-gnu 115ms (cache miss)
406 http fetch GET 200 https://registry.npmmirror.com/@rollup%2frollup-linux-arm-gnueabihf 114ms (cache miss)
407 http fetch GET 200 https://registry.npmmirror.com/@rollup%2frollup-android-arm-eabi 116ms (cache miss)
408 http fetch GET 200 https://registry.npmmirror.com/@rollup%2frollup-linux-loong64-musl 120ms (cache miss)
409 http fetch GET 200 https://registry.npmmirror.com/@rollup%2frollup-linux-loong64-gnu 123ms (cache miss)
410 http fetch GET 200 https://registry.npmmirror.com/@rollup%2frollup-darwin-x64 134ms (cache miss)
411 http fetch GET 200 https://registry.npmmirror.com/@rollup%2frollup-linux-riscv64-musl 140ms (cache miss)
412 http fetch GET 200 https://registry.npmmirror.com/@rollup%2frollup-linux-ppc64-gnu 148ms (cache miss)
413 http fetch GET 200 https://registry.npmmirror.com/@rollup%2frollup-win32-x64-gnu 148ms (cache miss)
414 http fetch GET 200 https://registry.npmmirror.com/@rollup%2frollup-win32-ia32-msvc 151ms (cache miss)
415 http fetch GET 200 https://registry.npmmirror.com/@rollup%2frollup-linux-ppc64-musl 152ms (cache miss)
416 http fetch GET 200 https://registry.npmmirror.com/@rollup%2frollup-win32-x64-msvc 154ms (cache miss)
417 http fetch GET 200 https://registry.npmmirror.com/@rollup%2frollup-freebsd-x64 161ms (cache miss)
418 http fetch GET 200 https://registry.npmmirror.com/@rollup%2frollup-openbsd-x64 167ms (cache miss)
419 http fetch GET 200 https://registry.npmmirror.com/@esbuild%2ffreebsd-arm64 193ms (cache miss)
420 http fetch GET 200 https://registry.npmmirror.com/@rollup%2frollup-linux-x64-musl 184ms (cache miss)
421 http fetch GET 200 https://registry.npmmirror.com/@esbuild%2fdarwin-arm64 312ms (cache miss)
422 http fetch GET 200 https://registry.npmmirror.com/@esbuild%2flinux-arm64 332ms (cache miss)
423 http fetch GET 200 https://registry.npmmirror.com/@esbuild%2fwin32-arm64 364ms (cache miss)
424 http fetch GET 200 https://registry.npmmirror.com/@rollup%2frollup-freebsd-arm64 371ms (cache miss)
425 http fetch GET 200 https://registry.npmmirror.com/@rollup%2frollup-linux-arm-musleabihf 376ms (cache miss)
426 http fetch GET 200 https://registry.npmmirror.com/@rollup%2frollup-linux-riscv64-gnu 375ms (cache miss)
427 http fetch GET 200 https://registry.npmmirror.com/@rollup%2frollup-linux-s390x-gnu 393ms (cache miss)
428 http fetch GET 200 https://registry.npmmirror.com/@rollup%2frollup-openharmony-arm64 425ms (cache miss)
429 http fetch GET 200 https://registry.npmmirror.com/@rollup%2frollup-linux-x64-gnu 431ms (cache miss)
430 http fetch GET 200 https://registry.npmmirror.com/@rollup%2frollup-android-arm64 656ms (cache miss)
431 timing idealTree:node_modules/vite Completed in 667ms
432 silly placeDep ROOT @esbuild/aix-ppc64@0.21.5 OK for: esbuild@0.21.5 want: 0.21.5
433 silly placeDep ROOT @esbuild/android-arm@0.21.5 OK for: esbuild@0.21.5 want: 0.21.5
434 silly placeDep ROOT @esbuild/android-arm64@0.21.5 OK for: esbuild@0.21.5 want: 0.21.5
435 silly placeDep ROOT @esbuild/android-x64@0.21.5 OK for: esbuild@0.21.5 want: 0.21.5
436 silly placeDep ROOT @esbuild/darwin-arm64@0.21.5 OK for: esbuild@0.21.5 want: 0.21.5
437 silly placeDep ROOT @esbuild/darwin-x64@0.21.5 OK for: esbuild@0.21.5 want: 0.21.5
438 silly placeDep ROOT @esbuild/freebsd-arm64@0.21.5 OK for: esbuild@0.21.5 want: 0.21.5
439 silly placeDep ROOT @esbuild/freebsd-x64@0.21.5 OK for: esbuild@0.21.5 want: 0.21.5
440 silly placeDep ROOT @esbuild/linux-arm@0.21.5 OK for: esbuild@0.21.5 want: 0.21.5
441 silly placeDep ROOT @esbuild/linux-arm64@0.21.5 OK for: esbuild@0.21.5 want: 0.21.5
442 silly placeDep ROOT @esbuild/linux-ia32@0.21.5 OK for: esbuild@0.21.5 want: 0.21.5
443 silly placeDep ROOT @esbuild/linux-loong64@0.21.5 OK for: esbuild@0.21.5 want: 0.21.5
444 silly placeDep ROOT @esbuild/linux-mips64el@0.21.5 OK for: esbuild@0.21.5 want: 0.21.5
445 silly placeDep ROOT @esbuild/linux-ppc64@0.21.5 OK for: esbuild@0.21.5 want: 0.21.5
446 silly placeDep ROOT @esbuild/linux-riscv64@0.21.5 OK for: esbuild@0.21.5 want: 0.21.5
447 silly placeDep ROOT @esbuild/linux-s390x@0.21.5 OK for: esbuild@0.21.5 want: 0.21.5
448 silly placeDep ROOT @esbuild/linux-x64@0.21.5 OK for: esbuild@0.21.5 want: 0.21.5
449 silly placeDep ROOT @esbuild/netbsd-x64@0.21.5 OK for: esbuild@0.21.5 want: 0.21.5
450 silly placeDep ROOT @esbuild/openbsd-x64@0.21.5 OK for: esbuild@0.21.5 want: 0.21.5
451 silly placeDep ROOT @esbuild/sunos-x64@0.21.5 OK for: esbuild@0.21.5 want: 0.21.5
452 silly placeDep ROOT @esbuild/win32-arm64@0.21.5 OK for: esbuild@0.21.5 want: 0.21.5
453 silly placeDep ROOT @esbuild/win32-ia32@0.21.5 OK for: esbuild@0.21.5 want: 0.21.5
454 silly placeDep ROOT @esbuild/win32-x64@0.21.5 OK for: esbuild@0.21.5 want: 0.21.5
455 timing idealTree:node_modules/esbuild Completed in 8ms
456 timing idealTree:node_modules/@esbuild/aix-ppc64 Completed in 0ms
457 timing idealTree:node_modules/@esbuild/android-arm Completed in 0ms
458 timing idealTree:node_modules/@esbuild/android-arm64 Completed in 0ms
459 timing idealTree:node_modules/@esbuild/android-x64 Completed in 0ms
460 timing idealTree:node_modules/@esbuild/darwin-arm64 Completed in 0ms
461 timing idealTree:node_modules/@esbuild/darwin-x64 Completed in 0ms
462 timing idealTree:node_modules/@esbuild/freebsd-arm64 Completed in 0ms
463 timing idealTree:node_modules/@esbuild/freebsd-x64 Completed in 0ms
464 timing idealTree:node_modules/@esbuild/linux-arm Completed in 0ms
465 timing idealTree:node_modules/@esbuild/linux-arm64 Completed in 0ms
466 timing idealTree:node_modules/@esbuild/linux-ia32 Completed in 0ms
467 timing idealTree:node_modules/@esbuild/linux-loong64 Completed in 0ms
468 timing idealTree:node_modules/@esbuild/linux-mips64el Completed in 0ms
469 timing idealTree:node_modules/@esbuild/linux-ppc64 Completed in 0ms
470 timing idealTree:node_modules/@esbuild/linux-riscv64 Completed in 0ms
471 timing idealTree:node_modules/@esbuild/linux-s390x Completed in 0ms
472 timing idealTree:node_modules/@esbuild/linux-x64 Completed in 0ms
473 timing idealTree:node_modules/@esbuild/netbsd-x64 Completed in 0ms
474 timing idealTree:node_modules/@esbuild/openbsd-x64 Completed in 0ms
475 timing idealTree:node_modules/@esbuild/sunos-x64 Completed in 0ms
476 timing idealTree:node_modules/@esbuild/win32-arm64 Completed in 0ms
477 timing idealTree:node_modules/@esbuild/win32-ia32 Completed in 0ms
478 timing idealTree:node_modules/@esbuild/win32-x64 Completed in 0ms
479 timing idealTree:node_modules/fsevents Completed in 0ms
480 silly placeDep ROOT nanoid@3.3.11 OK for: postcss@8.5.10 want: ^3.3.11
481 silly placeDep ROOT source-map-js@1.2.1 OK for: postcss@8.5.10 want: ^1.2.1
482 timing idealTree:node_modules/postcss Completed in 1ms
483 timing idealTree:node_modules/nanoid Completed in 0ms
484 silly placeDep ROOT @rollup/rollup-android-arm-eabi@4.60.1 OK for: rollup@4.60.1 want: 4.60.1
485 silly placeDep ROOT @rollup/rollup-android-arm64@4.60.1 OK for: rollup@4.60.1 want: 4.60.1
486 silly placeDep ROOT @rollup/rollup-darwin-arm64@4.60.1 OK for: rollup@4.60.1 want: 4.60.1
487 silly placeDep ROOT @rollup/rollup-darwin-x64@4.60.1 OK for: rollup@4.60.1 want: 4.60.1
488 silly placeDep ROOT @rollup/rollup-freebsd-arm64@4.60.1 OK for: rollup@4.60.1 want: 4.60.1
489 silly placeDep ROOT @rollup/rollup-freebsd-x64@4.60.1 OK for: rollup@4.60.1 want: 4.60.1
490 silly placeDep ROOT @rollup/rollup-linux-arm-gnueabihf@4.60.1 OK for: rollup@4.60.1 want: 4.60.1
491 silly placeDep ROOT @rollup/rollup-linux-arm-musleabihf@4.60.1 OK for: rollup@4.60.1 want: 4.60.1
492 silly placeDep ROOT @rollup/rollup-linux-arm64-gnu@4.60.1 OK for: rollup@4.60.1 want: 4.60.1
493 silly placeDep ROOT @rollup/rollup-linux-arm64-musl@4.60.1 OK for: rollup@4.60.1 want: 4.60.1
494 silly placeDep ROOT @rollup/rollup-linux-loong64-gnu@4.60.1 OK for: rollup@4.60.1 want: 4.60.1
495 silly placeDep ROOT @rollup/rollup-linux-loong64-musl@4.60.1 OK for: rollup@4.60.1 want: 4.60.1
496 silly placeDep ROOT @rollup/rollup-linux-ppc64-gnu@4.60.1 OK for: rollup@4.60.1 want: 4.60.1
497 silly placeDep ROOT @rollup/rollup-linux-ppc64-musl@4.60.1 OK for: rollup@4.60.1 want: 4.60.1
498 silly placeDep ROOT @rollup/rollup-linux-riscv64-gnu@4.60.1 OK for: rollup@4.60.1 want: 4.60.1
499 silly placeDep ROOT @rollup/rollup-linux-riscv64-musl@4.60.1 OK for: rollup@4.60.1 want: 4.60.1
500 silly placeDep ROOT @rollup/rollup-linux-s390x-gnu@4.60.1 OK for: rollup@4.60.1 want: 4.60.1
501 silly placeDep ROOT @rollup/rollup-linux-x64-gnu@4.60.1 OK for: rollup@4.60.1 want: 4.60.1
502 silly placeDep ROOT @rollup/rollup-linux-x64-musl@4.60.1 OK for: rollup@4.60.1 want: 4.60.1
503 silly placeDep ROOT @rollup/rollup-openbsd-x64@4.60.1 OK for: rollup@4.60.1 want: 4.60.1
504 silly placeDep ROOT @rollup/rollup-openharmony-arm64@4.60.1 OK for: rollup@4.60.1 want: 4.60.1
505 silly placeDep ROOT @rollup/rollup-win32-arm64-msvc@4.60.1 OK for: rollup@4.60.1 want: 4.60.1
506 silly placeDep ROOT @rollup/rollup-win32-ia32-msvc@4.60.1 OK for: rollup@4.60.1 want: 4.60.1
507 silly placeDep ROOT @rollup/rollup-win32-x64-gnu@4.60.1 OK for: rollup@4.60.1 want: 4.60.1
508 silly placeDep ROOT @rollup/rollup-win32-x64-msvc@4.60.1 OK for: rollup@4.60.1 want: 4.60.1
509 silly placeDep ROOT @types/estree@1.0.8 OK for: rollup@4.60.1 want: 1.0.8
510 timing idealTree:node_modules/rollup Completed in 10ms
511 timing idealTree:node_modules/@rollup/rollup-android-arm-eabi Completed in 0ms
512 timing idealTree:node_modules/@rollup/rollup-android-arm64 Completed in 0ms
513 timing idealTree:node_modules/@rollup/rollup-darwin-arm64 Completed in 0ms
514 timing idealTree:node_modules/@rollup/rollup-darwin-x64 Completed in 0ms
515 timing idealTree:node_modules/@rollup/rollup-freebsd-arm64 Completed in 0ms
516 timing idealTree:node_modules/@rollup/rollup-freebsd-x64 Completed in 0ms
517 timing idealTree:node_modules/@rollup/rollup-linux-arm-gnueabihf Completed in 0ms
518 timing idealTree:node_modules/@rollup/rollup-linux-arm-musleabihf Completed in 0ms
519 timing idealTree:node_modules/@rollup/rollup-linux-arm64-gnu Completed in 0ms
520 timing idealTree:node_modules/@rollup/rollup-linux-arm64-musl Completed in 0ms
521 timing idealTree:node_modules/@rollup/rollup-linux-loong64-gnu Completed in 0ms
522 timing idealTree:node_modules/@rollup/rollup-linux-loong64-musl Completed in 0ms
523 timing idealTree:node_modules/@rollup/rollup-linux-ppc64-gnu Completed in 0ms
524 timing idealTree:node_modules/@rollup/rollup-linux-ppc64-musl Completed in 0ms
525 timing idealTree:node_modules/@rollup/rollup-linux-riscv64-gnu Completed in 0ms
526 timing idealTree:node_modules/@rollup/rollup-linux-riscv64-musl Completed in 0ms
527 timing idealTree:node_modules/@rollup/rollup-linux-s390x-gnu Completed in 0ms
528 timing idealTree:node_modules/@rollup/rollup-linux-x64-gnu Completed in 0ms
529 timing idealTree:node_modules/@rollup/rollup-linux-x64-musl Completed in 0ms
530 timing idealTree:node_modules/@rollup/rollup-openbsd-x64 Completed in 0ms
531 timing idealTree:node_modules/@rollup/rollup-openharmony-arm64 Completed in 0ms
532 timing idealTree:node_modules/@rollup/rollup-win32-arm64-msvc Completed in 0ms
533 timing idealTree:node_modules/@rollup/rollup-win32-ia32-msvc Completed in 0ms
534 timing idealTree:node_modules/@rollup/rollup-win32-x64-gnu Completed in 0ms
535 timing idealTree:node_modules/@rollup/rollup-win32-x64-msvc Completed in 0ms
536 timing idealTree:node_modules/@types/estree Completed in 0ms
537 timing idealTree:node_modules/source-map-js Completed in 0ms
538 timing idealTree:node_modules/yallist Completed in 0ms
539 timing idealTree:buildDeps Completed in 6494ms
540 timing idealTree:fixDepFlags Completed in 0ms
541 warn EBADENGINE Unsupported engine {
541 warn EBADENGINE   package: 'vite@5.4.21',
541 warn EBADENGINE   required: { node: '^18.0.0 || >=20.0.0' },
541 warn EBADENGINE   current: { node: 'v16.15.1', npm: '8.11.0' }
541 warn EBADENGINE }
542 warn EBADENGINE Unsupported engine {
542 warn EBADENGINE   package: 'rollup@4.60.1',
542 warn EBADENGINE   required: { node: '>=18.0.0', npm: '>=8.0.0' },
542 warn EBADENGINE   current: { node: 'v16.15.1', npm: '8.11.0' }
542 warn EBADENGINE }
543 timing idealTree Completed in 6504ms
544 timing reify:loadTrees Completed in 6504ms
545 timing reify:diffTrees Completed in 1ms
546 silly reify moves {}
547 timing reify:retireShallow Completed in 0ms
548 timing reify:createSparse Completed in 30ms
549 timing reify:loadBundles Completed in 0ms
550 silly audit bulk request {
550 silly audit   '@types/react': [ '18.3.28' ],
550 silly audit   '@types/react-dom': [ '18.3.7' ],
550 silly audit   '@vitejs/plugin-react': [ '4.7.0' ],
550 silly audit   vite: [ '5.4.21' ],
550 silly audit   react: [ '18.3.1' ],
550 silly audit   'react-dom': [ '18.3.1' ],
550 silly audit   'react-router-dom': [ '6.30.3' ],
550 silly audit   typescript: [ '5.9.3' ],
550 silly audit   '@types/prop-types': [ '15.7.15' ],
550 silly audit   csstype: [ '3.2.3' ],
550 silly audit   '@babel/core': [ '7.29.0' ],
550 silly audit   '@babel/plugin-transform-react-jsx-self': [ '7.27.1' ],
550 silly audit   '@babel/plugin-transform-react-jsx-source': [ '7.27.1' ],
550 silly audit   '@rolldown/pluginutils': [ '1.0.0-beta.27' ],
550 silly audit   '@types/babel__core': [ '7.20.5' ],
550 silly audit   'react-refresh': [ '0.17.0' ],
550 silly audit   '@babel/code-frame': [ '7.29.0' ],
550 silly audit   '@babel/generator': [ '7.29.1' ],
550 silly audit   '@babel/helper-compilation-targets': [ '7.28.6' ],
550 silly audit   '@babel/helper-module-transforms': [ '7.28.6' ],
550 silly audit   '@babel/helpers': [ '7.29.2' ],
550 silly audit   '@babel/parser': [ '7.29.2' ],
550 silly audit   '@babel/template': [ '7.28.6' ],
550 silly audit   '@babel/traverse': [ '7.29.0' ],
550 silly audit   '@babel/types': [ '7.29.0' ],
550 silly audit   '@jridgewell/remapping': [ '2.3.5' ],
550 silly audit   'convert-source-map': [ '2.0.0' ],
550 silly audit   debug: [ '4.4.3' ],
550 silly audit   gensync: [ '1.0.0-beta.2' ],
550 silly audit   json5: [ '2.2.3' ],
550 silly audit   semver: [ '6.3.1' ],
550 silly audit   '@babel/helper-validator-identifier': [ '7.28.5' ],
550 silly audit   'js-tokens': [ '4.0.0' ],
550 silly audit   picocolors: [ '1.1.1' ],
550 silly audit   '@jridgewell/gen-mapping': [ '0.3.13' ],
550 silly audit   '@jridgewell/trace-mapping': [ '0.3.31' ],
550 silly audit   jsesc: [ '3.1.0' ],
550 silly audit   '@babel/compat-data': [ '7.29.0' ],
550 silly audit   '@babel/helper-validator-option': [ '7.27.1' ],
550 silly audit   browserslist: [ '4.28.2' ],
550 silly audit   'lru-cache': [ '5.1.1' ],
550 silly audit   '@babel/helper-module-imports': [ '7.28.6' ],
550 silly audit   '@babel/helper-plugin-utils': [ '7.28.6' ],
550 silly audit   '@babel/helper-globals': [ '7.28.0' ],
550 silly audit   '@babel/helper-string-parser': [ '7.27.1' ],
550 silly audit   '@jridgewell/sourcemap-codec': [ '1.5.5' ],
550 silly audit   '@jridgewell/resolve-uri': [ '3.1.2' ],
550 silly audit   '@types/babel__generator': [ '7.27.0' ],
550 silly audit   '@types/babel__template': [ '7.4.4' ],
550 silly audit   '@types/babel__traverse': [ '7.28.0' ],
550 silly audit   'baseline-browser-mapping': [ '2.10.19' ],
550 silly audit   'caniuse-lite': [ '1.0.30001788' ],
550 silly audit   'electron-to-chromium': [ '1.5.340' ],
550 silly audit   'node-releases': [ '2.0.37' ],
550 silly audit   'update-browserslist-db': [ '1.2.3' ],
550 silly audit   ms: [ '2.1.3' ],
550 silly audit   yallist: [ '3.1.1' ],
550 silly audit   'loose-envify': [ '1.4.0' ],
550 silly audit   scheduler: [ '0.23.2' ],
550 silly audit   '@remix-run/router': [ '1.23.2' ],
550 silly audit   'react-router': [ '6.30.3' ],
550 silly audit   escalade: [ '3.2.0' ],
550 silly audit   esbuild: [ '0.21.5' ],
550 silly audit   fsevents: [ '2.3.3' ],
550 silly audit   postcss: [ '8.5.10' ],
550 silly audit   rollup: [ '4.60.1' ],
550 silly audit   '@esbuild/aix-ppc64': [ '0.21.5' ],
550 silly audit   '@esbuild/android-arm': [ '0.21.5' ],
550 silly audit   '@esbuild/android-arm64': [ '0.21.5' ],
550 silly audit   '@esbuild/android-x64': [ '0.21.5' ],
550 silly audit   '@esbuild/darwin-arm64': [ '0.21.5' ],
550 silly audit   '@esbuild/darwin-x64': [ '0.21.5' ],
550 silly audit   '@esbuild/freebsd-arm64': [ '0.21.5' ],
550 silly audit   '@esbuild/freebsd-x64': [ '0.21.5' ],
550 silly audit   '@esbuild/linux-arm': [ '0.21.5' ],
550 silly audit   '@esbuild/linux-arm64': [ '0.21.5' ],
550 silly audit   '@esbuild/linux-ia32': [ '0.21.5' ],
550 silly audit   '@esbuild/linux-loong64': [ '0.21.5' ],
550 silly audit   '@esbuild/linux-mips64el': [ '0.21.5' ],
550 silly audit   '@esbuild/linux-ppc64': [ '0.21.5' ],
550 silly audit   '@esbuild/linux-riscv64': [ '0.21.5' ],
550 silly audit   '@esbuild/linux-s390x': [ '0.21.5' ],
550 silly audit   '@esbuild/linux-x64': [ '0.21.5' ],
550 silly audit   '@esbuild/netbsd-x64': [ '0.21.5' ],
550 silly audit   '@esbuild/openbsd-x64': [ '0.21.5' ],
550 silly audit   '@esbuild/sunos-x64': [ '0.21.5' ],
550 silly audit   '@esbuild/win32-arm64': [ '0.21.5' ],
550 silly audit   '@esbuild/win32-ia32': [ '0.21.5' ],
550 silly audit   '@esbuild/win32-x64': [ '0.21.5' ],
550 silly audit   nanoid: [ '3.3.11' ],
550 silly audit   'source-map-js': [ '1.2.1' ],
550 silly audit   '@rollup/rollup-android-arm-eabi': [ '4.60.1' ],
550 silly audit   '@rollup/rollup-android-arm64': [ '4.60.1' ],
550 silly audit   '@rollup/rollup-darwin-arm64': [ '4.60.1' ],
550 silly audit   '@rollup/rollup-darwin-x64': [ '4.60.1' ],
550 silly audit   '@rollup/rollup-freebsd-arm64': [ '4.60.1' ],
550 silly audit   '@rollup/rollup-freebsd-x64': [ '4.60.1' ],
550 silly audit   '@rollup/rollup-linux-arm-gnueabihf': [ '4.60.1' ],
550 silly audit   '@rollup/rollup-linux-arm-musleabihf': [ '4.60.1' ],
550 silly audit   '@rollup/rollup-linux-arm64-gnu': [ '4.60.1' ],
550 silly audit   '@rollup/rollup-linux-arm64-musl': [ '4.60.1' ],
550 silly audit   '@rollup/rollup-linux-loong64-gnu': [ '4.60.1' ],
550 silly audit   '@rollup/rollup-linux-loong64-musl': [ '4.60.1' ],
550 silly audit   '@rollup/rollup-linux-ppc64-gnu': [ '4.60.1' ],
550 silly audit   '@rollup/rollup-linux-ppc64-musl': [ '4.60.1' ],
550 silly audit   '@rollup/rollup-linux-riscv64-gnu': [ '4.60.1' ],
550 silly audit   '@rollup/rollup-linux-riscv64-musl': [ '4.60.1' ],
550 silly audit   '@rollup/rollup-linux-s390x-gnu': [ '4.60.1' ],
550 silly audit   '@rollup/rollup-linux-x64-gnu': [ '4.60.1' ],
550 silly audit   '@rollup/rollup-linux-x64-musl': [ '4.60.1' ],
550 silly audit   '@rollup/rollup-openbsd-x64': [ '4.60.1' ],
550 silly audit   '@rollup/rollup-openharmony-arm64': [ '4.60.1' ],
550 silly audit   '@rollup/rollup-win32-arm64-msvc': [ '4.60.1' ],
550 silly audit   '@rollup/rollup-win32-ia32-msvc': [ '4.60.1' ],
550 silly audit   '@rollup/rollup-win32-x64-gnu': [ '4.60.1' ],
550 silly audit   '@rollup/rollup-win32-x64-msvc': [ '4.60.1' ],
550 silly audit   '@types/estree': [ '1.0.8' ]
550 silly audit }
551 verbose reify failed optional dependency D:\project-qian\linzhi-qianduan\node_modules\@rollup\rollup-win32-ia32-msvc
552 silly reify mark deleted [
552 silly reify   'D:\\project-qian\\linzhi-qianduan\\node_modules\\@rollup\\rollup-win32-ia32-msvc'
552 silly reify ]
553 verbose reify failed optional dependency D:\project-qian\linzhi-qianduan\node_modules\@rollup\rollup-win32-arm64-msvc
554 silly reify mark deleted [
554 silly reify   'D:\\project-qian\\linzhi-qianduan\\node_modules\\@rollup\\rollup-win32-arm64-msvc'
554 silly reify ]
555 verbose reify failed optional dependency D:\project-qian\linzhi-qianduan\node_modules\@rollup\rollup-openharmony-arm64
556 silly reify mark deleted [
556 silly reify   'D:\\project-qian\\linzhi-qianduan\\node_modules\\@rollup\\rollup-openharmony-arm64'
556 silly reify ]
557 verbose reify failed optional dependency D:\project-qian\linzhi-qianduan\node_modules\@rollup\rollup-openbsd-x64
558 silly reify mark deleted [
558 silly reify   'D:\\project-qian\\linzhi-qianduan\\node_modules\\@rollup\\rollup-openbsd-x64'
558 silly reify ]
559 verbose reify failed optional dependency D:\project-qian\linzhi-qianduan\node_modules\@rollup\rollup-linux-x64-musl
560 silly reify mark deleted [
560 silly reify   'D:\\project-qian\\linzhi-qianduan\\node_modules\\@rollup\\rollup-linux-x64-musl'
560 silly reify ]
561 verbose reify failed optional dependency D:\project-qian\linzhi-qianduan\node_modules\@rollup\rollup-linux-x64-gnu
562 silly reify mark deleted [
562 silly reify   'D:\\project-qian\\linzhi-qianduan\\node_modules\\@rollup\\rollup-linux-x64-gnu'
562 silly reify ]
563 verbose reify failed optional dependency D:\project-qian\linzhi-qianduan\node_modules\@rollup\rollup-linux-s390x-gnu
564 silly reify mark deleted [
564 silly reify   'D:\\project-qian\\linzhi-qianduan\\node_modules\\@rollup\\rollup-linux-s390x-gnu'
564 silly reify ]
565 verbose reify failed optional dependency D:\project-qian\linzhi-qianduan\node_modules\@rollup\rollup-linux-riscv64-musl
566 silly reify mark deleted [
566 silly reify   'D:\\project-qian\\linzhi-qianduan\\node_modules\\@rollup\\rollup-linux-riscv64-musl'
566 silly reify ]
567 verbose reify failed optional dependency D:\project-qian\linzhi-qianduan\node_modules\@rollup\rollup-linux-riscv64-gnu
568 silly reify mark deleted [
568 silly reify   'D:\\project-qian\\linzhi-qianduan\\node_modules\\@rollup\\rollup-linux-riscv64-gnu'
568 silly reify ]
569 verbose reify failed optional dependency D:\project-qian\linzhi-qianduan\node_modules\@rollup\rollup-linux-ppc64-musl
570 silly reify mark deleted [
570 silly reify   'D:\\project-qian\\linzhi-qianduan\\node_modules\\@rollup\\rollup-linux-ppc64-musl'
570 silly reify ]
571 verbose reify failed optional dependency D:\project-qian\linzhi-qianduan\node_modules\@rollup\rollup-linux-ppc64-gnu
572 silly reify mark deleted [
572 silly reify   'D:\\project-qian\\linzhi-qianduan\\node_modules\\@rollup\\rollup-linux-ppc64-gnu'
572 silly reify ]
573 verbose reify failed optional dependency D:\project-qian\linzhi-qianduan\node_modules\@rollup\rollup-linux-loong64-musl
574 silly reify mark deleted [
574 silly reify   'D:\\project-qian\\linzhi-qianduan\\node_modules\\@rollup\\rollup-linux-loong64-musl'
574 silly reify ]
575 verbose reify failed optional dependency D:\project-qian\linzhi-qianduan\node_modules\@rollup\rollup-linux-loong64-gnu
576 silly reify mark deleted [
576 silly reify   'D:\\project-qian\\linzhi-qianduan\\node_modules\\@rollup\\rollup-linux-loong64-gnu'
576 silly reify ]
577 verbose reify failed optional dependency D:\project-qian\linzhi-qianduan\node_modules\@rollup\rollup-linux-arm64-musl
578 silly reify mark deleted [
578 silly reify   'D:\\project-qian\\linzhi-qianduan\\node_modules\\@rollup\\rollup-linux-arm64-musl'
578 silly reify ]
579 verbose reify failed optional dependency D:\project-qian\linzhi-qianduan\node_modules\@rollup\rollup-linux-arm64-gnu
580 silly reify mark deleted [
580 silly reify   'D:\\project-qian\\linzhi-qianduan\\node_modules\\@rollup\\rollup-linux-arm64-gnu'
580 silly reify ]
581 verbose reify failed optional dependency D:\project-qian\linzhi-qianduan\node_modules\@rollup\rollup-linux-arm-musleabihf
582 silly reify mark deleted [
582 silly reify   'D:\\project-qian\\linzhi-qianduan\\node_modules\\@rollup\\rollup-linux-arm-musleabihf'
582 silly reify ]
583 verbose reify failed optional dependency D:\project-qian\linzhi-qianduan\node_modules\@rollup\rollup-linux-arm-gnueabihf
584 silly reify mark deleted [
584 silly reify   'D:\\project-qian\\linzhi-qianduan\\node_modules\\@rollup\\rollup-linux-arm-gnueabihf'
584 silly reify ]
585 verbose reify failed optional dependency D:\project-qian\linzhi-qianduan\node_modules\@rollup\rollup-freebsd-x64
586 silly reify mark deleted [
586 silly reify   'D:\\project-qian\\linzhi-qianduan\\node_modules\\@rollup\\rollup-freebsd-x64'
586 silly reify ]
587 verbose reify failed optional dependency D:\project-qian\linzhi-qianduan\node_modules\@rollup\rollup-freebsd-arm64
588 silly reify mark deleted [
588 silly reify   'D:\\project-qian\\linzhi-qianduan\\node_modules\\@rollup\\rollup-freebsd-arm64'
588 silly reify ]
589 verbose reify failed optional dependency D:\project-qian\linzhi-qianduan\node_modules\@rollup\rollup-darwin-x64
590 silly reify mark deleted [
590 silly reify   'D:\\project-qian\\linzhi-qianduan\\node_modules\\@rollup\\rollup-darwin-x64'
590 silly reify ]
591 verbose reify failed optional dependency D:\project-qian\linzhi-qianduan\node_modules\@rollup\rollup-darwin-arm64
592 silly reify mark deleted [
592 silly reify   'D:\\project-qian\\linzhi-qianduan\\node_modules\\@rollup\\rollup-darwin-arm64'
592 silly reify ]
593 verbose reify failed optional dependency D:\project-qian\linzhi-qianduan\node_modules\@rollup\rollup-android-arm64
594 silly reify mark deleted [
594 silly reify   'D:\\project-qian\\linzhi-qianduan\\node_modules\\@rollup\\rollup-android-arm64'
594 silly reify ]
595 verbose reify failed optional dependency D:\project-qian\linzhi-qianduan\node_modules\@rollup\rollup-android-arm-eabi
596 silly reify mark deleted [
596 silly reify   'D:\\project-qian\\linzhi-qianduan\\node_modules\\@rollup\\rollup-android-arm-eabi'
596 silly reify ]
597 verbose reify failed optional dependency D:\project-qian\linzhi-qianduan\node_modules\@esbuild\win32-ia32
598 silly reify mark deleted [
598 silly reify   'D:\\project-qian\\linzhi-qianduan\\node_modules\\@esbuild\\win32-ia32'
598 silly reify ]
599 verbose reify failed optional dependency D:\project-qian\linzhi-qianduan\node_modules\@esbuild\win32-arm64
600 silly reify mark deleted [
600 silly reify   'D:\\project-qian\\linzhi-qianduan\\node_modules\\@esbuild\\win32-arm64'
600 silly reify ]
601 verbose reify failed optional dependency D:\project-qian\linzhi-qianduan\node_modules\@esbuild\sunos-x64
602 silly reify mark deleted [
602 silly reify   'D:\\project-qian\\linzhi-qianduan\\node_modules\\@esbuild\\sunos-x64'
602 silly reify ]
603 verbose reify failed optional dependency D:\project-qian\linzhi-qianduan\node_modules\@esbuild\openbsd-x64
604 silly reify mark deleted [
604 silly reify   'D:\\project-qian\\linzhi-qianduan\\node_modules\\@esbuild\\openbsd-x64'
604 silly reify ]
605 verbose reify failed optional dependency D:\project-qian\linzhi-qianduan\node_modules\@esbuild\netbsd-x64
606 silly reify mark deleted [
606 silly reify   'D:\\project-qian\\linzhi-qianduan\\node_modules\\@esbuild\\netbsd-x64'
606 silly reify ]
607 verbose reify failed optional dependency D:\project-qian\linzhi-qianduan\node_modules\@esbuild\linux-x64
608 silly reify mark deleted [
608 silly reify   'D:\\project-qian\\linzhi-qianduan\\node_modules\\@esbuild\\linux-x64'
608 silly reify ]
609 verbose reify failed optional dependency D:\project-qian\linzhi-qianduan\node_modules\@esbuild\linux-s390x
610 silly reify mark deleted [
610 silly reify   'D:\\project-qian\\linzhi-qianduan\\node_modules\\@esbuild\\linux-s390x'
610 silly reify ]
611 verbose reify failed optional dependency D:\project-qian\linzhi-qianduan\node_modules\@esbuild\linux-riscv64
612 silly reify mark deleted [
612 silly reify   'D:\\project-qian\\linzhi-qianduan\\node_modules\\@esbuild\\linux-riscv64'
612 silly reify ]
613 verbose reify failed optional dependency D:\project-qian\linzhi-qianduan\node_modules\@esbuild\linux-ppc64
614 silly reify mark deleted [
614 silly reify   'D:\\project-qian\\linzhi-qianduan\\node_modules\\@esbuild\\linux-ppc64'
614 silly reify ]
615 verbose reify failed optional dependency D:\project-qian\linzhi-qianduan\node_modules\@esbuild\linux-mips64el
616 silly reify mark deleted [
616 silly reify   'D:\\project-qian\\linzhi-qianduan\\node_modules\\@esbuild\\linux-mips64el'
616 silly reify ]
617 verbose reify failed optional dependency D:\project-qian\linzhi-qianduan\node_modules\@esbuild\linux-loong64
618 silly reify mark deleted [
618 silly reify   'D:\\project-qian\\linzhi-qianduan\\node_modules\\@esbuild\\linux-loong64'
618 silly reify ]
619 verbose reify failed optional dependency D:\project-qian\linzhi-qianduan\node_modules\@esbuild\linux-ia32
620 silly reify mark deleted [
620 silly reify   'D:\\project-qian\\linzhi-qianduan\\node_modules\\@esbuild\\linux-ia32'
620 silly reify ]
621 verbose reify failed optional dependency D:\project-qian\linzhi-qianduan\node_modules\@esbuild\linux-arm64
622 silly reify mark deleted [
622 silly reify   'D:\\project-qian\\linzhi-qianduan\\node_modules\\@esbuild\\linux-arm64'
622 silly reify ]
623 verbose reify failed optional dependency D:\project-qian\linzhi-qianduan\node_modules\@esbuild\linux-arm
624 silly reify mark deleted [
624 silly reify   'D:\\project-qian\\linzhi-qianduan\\node_modules\\@esbuild\\linux-arm'
624 silly reify ]
625 verbose reify failed optional dependency D:\project-qian\linzhi-qianduan\node_modules\@esbuild\freebsd-x64
626 silly reify mark deleted [
626 silly reify   'D:\\project-qian\\linzhi-qianduan\\node_modules\\@esbuild\\freebsd-x64'
626 silly reify ]
627 verbose reify failed optional dependency D:\project-qian\linzhi-qianduan\node_modules\@esbuild\freebsd-arm64
628 silly reify mark deleted [
628 silly reify   'D:\\project-qian\\linzhi-qianduan\\node_modules\\@esbuild\\freebsd-arm64'
628 silly reify ]
629 verbose reify failed optional dependency D:\project-qian\linzhi-qianduan\node_modules\@esbuild\darwin-x64
630 silly reify mark deleted [
630 silly reify   'D:\\project-qian\\linzhi-qianduan\\node_modules\\@esbuild\\darwin-x64'
630 silly reify ]
631 verbose reify failed optional dependency D:\project-qian\linzhi-qianduan\node_modules\@esbuild\darwin-arm64
632 silly reify mark deleted [
632 silly reify   'D:\\project-qian\\linzhi-qianduan\\node_modules\\@esbuild\\darwin-arm64'
632 silly reify ]
633 verbose reify failed optional dependency D:\project-qian\linzhi-qianduan\node_modules\@esbuild\android-x64
634 silly reify mark deleted [
634 silly reify   'D:\\project-qian\\linzhi-qianduan\\node_modules\\@esbuild\\android-x64'
634 silly reify ]
635 verbose reify failed optional dependency D:\project-qian\linzhi-qianduan\node_modules\@esbuild\android-arm64
636 silly reify mark deleted [
636 silly reify   'D:\\project-qian\\linzhi-qianduan\\node_modules\\@esbuild\\android-arm64'
636 silly reify ]
637 verbose reify failed optional dependency D:\project-qian\linzhi-qianduan\node_modules\@esbuild\android-arm
638 silly reify mark deleted [
638 silly reify   'D:\\project-qian\\linzhi-qianduan\\node_modules\\@esbuild\\android-arm'
638 silly reify ]
639 verbose reify failed optional dependency D:\project-qian\linzhi-qianduan\node_modules\@esbuild\aix-ppc64
640 silly reify mark deleted [
640 silly reify   'D:\\project-qian\\linzhi-qianduan\\node_modules\\@esbuild\\aix-ppc64'
640 silly reify ]
641 verbose reify failed optional dependency D:\project-qian\linzhi-qianduan\node_modules\fsevents
642 silly reify mark deleted [ 'D:\\project-qian\\linzhi-qianduan\\node_modules\\fsevents' ]
643 timing reifyNode:node_modules/@rollup/rollup-win32-ia32-msvc Completed in 13ms
644 timing reifyNode:node_modules/@rollup/rollup-win32-arm64-msvc Completed in 13ms
645 timing reifyNode:node_modules/@rollup/rollup-openharmony-arm64 Completed in 13ms
646 timing reifyNode:node_modules/@rollup/rollup-openbsd-x64 Completed in 13ms
647 timing reifyNode:node_modules/@rollup/rollup-linux-x64-musl Completed in 13ms
648 timing reifyNode:node_modules/@rollup/rollup-linux-x64-gnu Completed in 13ms
649 timing reifyNode:node_modules/@rollup/rollup-linux-s390x-gnu Completed in 12ms
650 timing reifyNode:node_modules/@rollup/rollup-linux-riscv64-musl Completed in 12ms
651 timing reifyNode:node_modules/@rollup/rollup-linux-riscv64-gnu Completed in 12ms
652 timing reifyNode:node_modules/@rollup/rollup-linux-ppc64-musl Completed in 12ms
653 timing reifyNode:node_modules/@rollup/rollup-linux-ppc64-gnu Completed in 12ms
654 timing reifyNode:node_modules/@rollup/rollup-linux-loong64-musl Completed in 12ms
655 timing reifyNode:node_modules/@rollup/rollup-linux-loong64-gnu Completed in 12ms
656 timing reifyNode:node_modules/@rollup/rollup-linux-arm64-musl Completed in 12ms
657 timing reifyNode:node_modules/@rollup/rollup-linux-arm64-gnu Completed in 12ms
658 timing reifyNode:node_modules/@rollup/rollup-linux-arm-musleabihf Completed in 12ms
659 timing reifyNode:node_modules/@rollup/rollup-linux-arm-gnueabihf Completed in 12ms
660 timing reifyNode:node_modules/@rollup/rollup-freebsd-x64 Completed in 12ms
661 timing reifyNode:node_modules/@rollup/rollup-freebsd-arm64 Completed in 12ms
662 timing reifyNode:node_modules/@rollup/rollup-darwin-x64 Completed in 12ms
663 timing reifyNode:node_modules/@rollup/rollup-darwin-arm64 Completed in 12ms
664 timing reifyNode:node_modules/@rollup/rollup-android-arm64 Completed in 12ms
665 timing reifyNode:node_modules/@rollup/rollup-android-arm-eabi Completed in 12ms
666 timing reifyNode:node_modules/@esbuild/win32-ia32 Completed in 12ms
667 timing reifyNode:node_modules/@esbuild/win32-arm64 Completed in 12ms
668 timing reifyNode:node_modules/@esbuild/sunos-x64 Completed in 12ms
669 timing reifyNode:node_modules/@esbuild/openbsd-x64 Completed in 12ms
670 timing reifyNode:node_modules/@esbuild/netbsd-x64 Completed in 12ms
671 timing reifyNode:node_modules/@esbuild/linux-x64 Completed in 12ms
672 timing reifyNode:node_modules/@esbuild/linux-s390x Completed in 12ms
673 timing reifyNode:node_modules/@esbuild/linux-riscv64 Completed in 12ms
674 timing reifyNode:node_modules/@esbuild/linux-ppc64 Completed in 12ms
675 timing reifyNode:node_modules/@esbuild/linux-mips64el Completed in 12ms
676 timing reifyNode:node_modules/@esbuild/linux-loong64 Completed in 12ms
677 timing reifyNode:node_modules/@esbuild/linux-ia32 Completed in 12ms
678 timing reifyNode:node_modules/@esbuild/linux-arm64 Completed in 12ms
679 timing reifyNode:node_modules/@esbuild/linux-arm Completed in 13ms
680 timing reifyNode:node_modules/@esbuild/freebsd-x64 Completed in 13ms
681 timing reifyNode:node_modules/@esbuild/freebsd-arm64 Completed in 13ms
682 timing reifyNode:node_modules/@esbuild/darwin-x64 Completed in 13ms
683 timing reifyNode:node_modules/@esbuild/darwin-arm64 Completed in 13ms
684 timing reifyNode:node_modules/@esbuild/android-x64 Completed in 13ms
685 timing reifyNode:node_modules/@esbuild/android-arm64 Completed in 13ms
686 timing reifyNode:node_modules/@esbuild/android-arm Completed in 13ms
687 timing reifyNode:node_modules/@esbuild/aix-ppc64 Completed in 13ms
688 timing reifyNode:node_modules/fsevents Completed in 13ms
689 silly tarball no local data for @rollup/rollup-win32-x64-msvc@https://registry.npmmirror.com/@rollup/rollup-win32-x64-msvc/-/rollup-win32-x64-msvc-4.60.1.tgz. Extracting by manifest.
690 silly tarball no local data for @rollup/rollup-win32-x64-gnu@https://registry.npmmirror.com/@rollup/rollup-win32-x64-gnu/-/rollup-win32-x64-gnu-4.60.1.tgz. Extracting by manifest.
691 silly tarball no local data for @types/estree@https://registry.npmmirror.com/@types/estree/-/estree-1.0.8.tgz. Extracting by manifest.
692 silly tarball no local data for nanoid@https://registry.npmmirror.com/nanoid/-/nanoid-3.3.11.tgz. Extracting by manifest.
693 silly tarball no local data for @esbuild/win32-x64@https://registry.npmmirror.com/@esbuild/win32-x64/-/win32-x64-0.21.5.tgz. Extracting by manifest.
694 silly tarball no local data for postcss@https://registry.npmmirror.com/postcss/-/postcss-8.5.10.tgz. Extracting by manifest.
695 silly tarball no local data for rollup@https://registry.npmmirror.com/rollup/-/rollup-4.60.1.tgz. Extracting by manifest.
696 silly tarball no local data for source-map-js@https://registry.npmmirror.com/source-map-js/-/source-map-js-1.2.1.tgz. Extracting by manifest.
697 silly tarball no local data for esbuild@https://registry.npmmirror.com/esbuild/-/esbuild-0.21.5.tgz. Extracting by manifest.
698 silly tarball no local data for escalade@https://registry.npmmirror.com/escalade/-/escalade-3.2.0.tgz. Extracting by manifest.
699 silly tarball no local data for react-router@https://registry.npmmirror.com/react-router/-/react-router-6.30.3.tgz. Extracting by manifest.
700 silly tarball no local data for scheduler@https://registry.npmmirror.com/scheduler/-/scheduler-0.23.2.tgz. Extracting by manifest.
701 silly tarball no local data for loose-envify@https://registry.npmmirror.com/loose-envify/-/loose-envify-1.4.0.tgz. Extracting by manifest.
702 silly tarball no local data for yallist@https://registry.npmmirror.com/yallist/-/yallist-3.1.1.tgz. Extracting by manifest.
703 silly tarball no local data for @remix-run/router@https://registry.npmmirror.com/@remix-run/router/-/router-1.23.2.tgz. Extracting by manifest.
704 silly tarball no local data for ms@https://registry.npmmirror.com/ms/-/ms-2.1.3.tgz. Extracting by manifest.
705 silly tarball no local data for update-browserslist-db@https://registry.npmmirror.com/update-browserslist-db/-/update-browserslist-db-1.2.3.tgz. Extracting by manifest.
706 silly tarball no local data for node-releases@https://registry.npmmirror.com/node-releases/-/node-releases-2.0.37.tgz. Extracting by manifest.
707 silly tarball no local data for electron-to-chromium@https://registry.npmmirror.com/electron-to-chromium/-/electron-to-chromium-1.5.340.tgz. Extracting by manifest.
708 silly tarball no local data for baseline-browser-mapping@https://registry.npmmirror.com/baseline-browser-mapping/-/baseline-browser-mapping-2.10.19.tgz. Extracting by manifest.
709 silly tarball no local data for @types/babel__template@https://registry.npmmirror.com/@types/babel__template/-/babel__template-7.4.4.tgz. Extracting by manifest.
710 silly tarball no local data for caniuse-lite@https://registry.npmmirror.com/caniuse-lite/-/caniuse-lite-1.0.30001788.tgz. Extracting by manifest.
711 silly tarball no local data for @types/babel__traverse@https://registry.npmmirror.com/@types/babel__traverse/-/babel__traverse-7.28.0.tgz. Extracting by manifest.
712 silly tarball no local data for @types/babel__generator@https://registry.npmmirror.com/@types/babel__generator/-/babel__generator-7.27.0.tgz. Extracting by manifest.
713 silly tarball no local data for @jridgewell/resolve-uri@https://registry.npmmirror.com/@jridgewell/resolve-uri/-/resolve-uri-3.1.2.tgz. Extracting by manifest.
714 silly tarball no local data for @jridgewell/sourcemap-codec@https://registry.npmmirror.com/@jridgewell/sourcemap-codec/-/sourcemap-codec-1.5.5.tgz. Extracting by manifest.
715 silly tarball no local data for @babel/helper-string-parser@https://registry.npmmirror.com/@babel/helper-string-parser/-/helper-string-parser-7.27.1.tgz. Extracting by manifest.
716 silly tarball no local data for lru-cache@https://registry.npmmirror.com/lru-cache/-/lru-cache-5.1.1.tgz. Extracting by manifest.
717 silly tarball no local data for browserslist@https://registry.npmmirror.com/browserslist/-/browserslist-4.28.2.tgz. Extracting by manifest.
718 silly tarball no local data for @babel/helper-globals@https://registry.npmmirror.com/@babel/helper-globals/-/helper-globals-7.28.0.tgz. Extracting by manifest.
719 silly tarball no local data for @babel/helper-module-imports@https://registry.npmmirror.com/@babel/helper-module-imports/-/helper-module-imports-7.28.6.tgz. Extracting by manifest.
720 silly tarball no local data for @babel/helper-validator-option@https://registry.npmmirror.com/@babel/helper-validator-option/-/helper-validator-option-7.27.1.tgz. Extracting by manifest.
721 silly tarball no local data for @babel/helper-plugin-utils@https://registry.npmmirror.com/@babel/helper-plugin-utils/-/helper-plugin-utils-7.28.6.tgz. Extracting by manifest.
722 silly tarball no local data for @babel/compat-data@https://registry.npmmirror.com/@babel/compat-data/-/compat-data-7.29.0.tgz. Extracting by manifest.
723 silly tarball no local data for jsesc@https://registry.npmmirror.com/jsesc/-/jsesc-3.1.0.tgz. Extracting by manifest.
724 silly tarball no local data for @jridgewell/trace-mapping@https://registry.npmmirror.com/@jridgewell/trace-mapping/-/trace-mapping-0.3.31.tgz. Extracting by manifest.
725 silly tarball no local data for @jridgewell/gen-mapping@https://registry.npmmirror.com/@jridgewell/gen-mapping/-/gen-mapping-0.3.13.tgz. Extracting by manifest.
726 silly tarball no local data for js-tokens@https://registry.npmmirror.com/js-tokens/-/js-tokens-4.0.0.tgz. Extracting by manifest.
727 silly tarball no local data for picocolors@https://registry.npmmirror.com/picocolors/-/picocolors-1.1.1.tgz. Extracting by manifest.
728 silly tarball no local data for @babel/helper-validator-identifier@https://registry.npmmirror.com/@babel/helper-validator-identifier/-/helper-validator-identifier-7.28.5.tgz. Extracting by manifest.
729 silly tarball no local data for json5@https://registry.npmmirror.com/json5/-/json5-2.2.3.tgz. Extracting by manifest.
730 silly tarball no local data for gensync@https://registry.npmmirror.com/gensync/-/gensync-1.0.0-beta.2.tgz. Extracting by manifest.
731 silly tarball no local data for @babel/types@https://registry.npmmirror.com/@babel/types/-/types-7.29.0.tgz. Extracting by manifest.
732 silly tarball no local data for @jridgewell/remapping@https://registry.npmmirror.com/@jridgewell/remapping/-/remapping-2.3.5.tgz. Extracting by manifest.
733 silly tarball no local data for debug@https://registry.npmmirror.com/debug/-/debug-4.4.3.tgz. Extracting by manifest.
734 silly tarball no local data for @babel/parser@https://registry.npmmirror.com/@babel/parser/-/parser-7.29.2.tgz. Extracting by manifest.
735 silly tarball no local data for semver@https://registry.npmmirror.com/semver/-/semver-6.3.1.tgz. Extracting by manifest.
736 silly tarball no local data for convert-source-map@https://registry.npmmirror.com/convert-source-map/-/convert-source-map-2.0.0.tgz. Extracting by manifest.
737 silly tarball no local data for @babel/traverse@https://registry.npmmirror.com/@babel/traverse/-/traverse-7.29.0.tgz. Extracting by manifest.
738 silly tarball no local data for @babel/template@https://registry.npmmirror.com/@babel/template/-/template-7.28.6.tgz. Extracting by manifest.
739 silly tarball no local data for @babel/helper-module-transforms@https://registry.npmmirror.com/@babel/helper-module-transforms/-/helper-module-transforms-7.28.6.tgz. Extracting by manifest.
740 silly tarball no local data for @babel/helpers@https://registry.npmmirror.com/@babel/helpers/-/helpers-7.29.2.tgz. Extracting by manifest.
741 silly tarball no local data for @babel/helper-compilation-targets@https://registry.npmmirror.com/@babel/helper-compilation-targets/-/helper-compilation-targets-7.28.6.tgz. Extracting by manifest.
742 silly tarball no local data for @babel/generator@https://registry.npmmirror.com/@babel/generator/-/generator-7.29.1.tgz. Extracting by manifest.
743 silly tarball no local data for @babel/code-frame@https://registry.npmmirror.com/@babel/code-frame/-/code-frame-7.29.0.tgz. Extracting by manifest.
744 silly tarball no local data for react-refresh@https://registry.npmmirror.com/react-refresh/-/react-refresh-0.17.0.tgz. Extracting by manifest.
745 silly tarball no local data for @types/babel__core@https://registry.npmmirror.com/@types/babel__core/-/babel__core-7.20.5.tgz. Extracting by manifest.
746 silly tarball no local data for @rolldown/pluginutils@https://registry.npmmirror.com/@rolldown/pluginutils/-/pluginutils-1.0.0-beta.27.tgz. Extracting by manifest.
747 silly tarball no local data for @types/prop-types@https://registry.npmmirror.com/@types/prop-types/-/prop-types-15.7.15.tgz. Extracting by manifest.
748 silly tarball no local data for csstype@https://registry.npmmirror.com/csstype/-/csstype-3.2.3.tgz. Extracting by manifest.
749 silly tarball no local data for @babel/core@https://registry.npmmirror.com/@babel/core/-/core-7.29.0.tgz. Extracting by manifest.
750 silly tarball no local data for @babel/plugin-transform-react-jsx-source@https://registry.npmmirror.com/@babel/plugin-transform-react-jsx-source/-/plugin-transform-react-jsx-source-7.27.1.tgz. Extracting by manifest.
751 silly tarball no local data for @babel/plugin-transform-react-jsx-self@https://registry.npmmirror.com/@babel/plugin-transform-react-jsx-self/-/plugin-transform-react-jsx-self-7.27.1.tgz. Extracting by manifest.
752 silly tarball no local data for typescript@https://registry.npmmirror.com/typescript/-/typescript-5.9.3.tgz. Extracting by manifest.
753 silly tarball no local data for @vitejs/plugin-react@https://registry.npmmirror.com/@vitejs/plugin-react/-/plugin-react-4.7.0.tgz. Extracting by manifest.
754 silly tarball no local data for react-router-dom@https://registry.npmmirror.com/react-router-dom/-/react-router-dom-6.30.3.tgz. Extracting by manifest.
755 silly tarball no local data for react@https://registry.npmmirror.com/react/-/react-18.3.1.tgz. Extracting by manifest.
756 silly tarball no local data for react-dom@https://registry.npmmirror.com/react-dom/-/react-dom-18.3.1.tgz. Extracting by manifest.
757 silly tarball no local data for vite@https://registry.npmmirror.com/vite/-/vite-5.4.21.tgz. Extracting by manifest.
758 silly tarball no local data for @types/react-dom@https://registry.npmmirror.com/@types/react-dom/-/react-dom-18.3.7.tgz. Extracting by manifest.
759 silly tarball no local data for @types/react@https://registry.npmmirror.com/@types/react/-/react-18.3.28.tgz. Extracting by manifest.
760 http fetch POST 404 https://registry.npmmirror.com/-/npm/v1/security/advisories/bulk 196ms
761 silly audit bulk request failed [object Object]
762 http fetch POST 404 https://registry.npmmirror.com/-/npm/v1/security/audits/quick 367ms
763 verbose audit error HttpErrorGeneral: 404 Not Found - POST https://registry.npmmirror.com/-/npm/v1/security/audits/quick - [NOT_IMPLEMENTED] /-/npm/v1/security/* not implemented yet
763 verbose audit error     at C:\Users\zhangxt\AppData\Local\nvm\v16.15.1\node_modules\npm\node_modules\npm-registry-fetch\lib\check-response.js:93:15
763 verbose audit error     at processTicksAndRejections (node:internal/process/task_queues:96:5)
763 verbose audit error     at async Map.[getReport] (C:\Users\zhangxt\AppData\Local\nvm\v16.15.1\node_modules\npm\node_modules\@npmcli\arborist\lib\audit-report.js:333:21)
763 verbose audit error     at async Map.run (C:\Users\zhangxt\AppData\Local\nvm\v16.15.1\node_modules\npm\node_modules\@npmcli\arborist\lib\audit-report.js:106:19) {
763 verbose audit error   headers: [Object: null prototype] {
763 verbose audit error     server: [ 'Tengine' ],
763 verbose audit error     date: [ 'Sat, 18 Apr 2026 10:22:51 GMT' ],
763 verbose audit error     'content-type': [ 'application/json' ],
763 verbose audit error     'transfer-encoding': [ 'chunked' ],
763 verbose audit error     connection: [ 'keep-alive' ],
763 verbose audit error     'strict-transport-security': [ 'max-age=5184000' ],
763 verbose audit error     via: [ 'kunlun1.cn5220[,404666]' ],
763 verbose audit error     'timing-allow-origin': [ '*' ],
763 verbose audit error     eagleid: [ '77bcac9517765077714603086e' ],
763 verbose audit error     'x-fetch-attempts': [ '1' ]
763 verbose audit error   },
763 verbose audit error   statusCode: 404,
763 verbose audit error   code: 'E404',
763 verbose audit error   method: 'POST',
763 verbose audit error   uri: 'https://registry.npmmirror.com/-/npm/v1/security/audits/quick',
763 verbose audit error   body: {
763 verbose audit error     error: '[NOT_IMPLEMENTED] /-/npm/v1/security/* not implemented yet'
763 verbose audit error   },
763 verbose audit error   pkgid: undefined
763 verbose audit error }
764 silly audit error [object Object]
765 timing auditReport:getReport Completed in 572ms
766 silly audit report null
767 timing reify:audit Completed in 572ms
768 http fetch GET 200 https://cdn.npmmirror.com/packages/node-releases/2.0.37/node-releases-2.0.37.tgz 521ms (cache miss)
769 timing reifyNode:node_modules/node-releases Completed in 585ms
770 http fetch GET 200 https://cdn.npmmirror.com/packages/ms/2.1.3/ms-2.1.3.tgz 540ms (cache miss)
771 timing reifyNode:node_modules/ms Completed in 589ms
772 http fetch GET 200 https://cdn.npmmirror.com/packages/scheduler/0.23.2/scheduler-0.23.2.tgz 562ms (cache miss)
773 timing reifyNode:node_modules/scheduler Completed in 603ms
774 http fetch GET 200 https://cdn.npmmirror.com/packages/source-map-js/1.2.1/source-map-js-1.2.1.tgz 576ms (cache miss)
775 timing reifyNode:node_modules/source-map-js Completed in 614ms
776 http fetch GET 200 https://cdn.npmmirror.com/packages/%40types/babel__template/7.4.4/babel__template-7.4.4.tgz 559ms (cache miss)
777 timing reifyNode:node_modules/@types/babel__template Completed in 616ms
778 http fetch GET 200 https://cdn.npmmirror.com/packages/escalade/3.2.0/escalade-3.2.0.tgz 582ms (cache miss)
779 timing reifyNode:node_modules/escalade Completed in 633ms
780 http fetch GET 200 https://cdn.npmmirror.com/packages/nanoid/3.3.11/nanoid-3.3.11.tgz 610ms (cache miss)
781 http fetch GET 200 https://cdn.npmmirror.com/packages/electron-to-chromium/1.5.340/electron-to-chromium-1.5.340.tgz 593ms (cache miss)
782 timing reifyNode:node_modules/electron-to-chromium Completed in 647ms
783 timing reifyNode:node_modules/nanoid Completed in 664ms
784 http fetch GET 200 https://cdn.npmmirror.com/packages/%40jridgewell/sourcemap-codec/1.5.5/sourcemap-codec-1.5.5.tgz 613ms (cache miss)
785 timing reifyNode:node_modules/@jridgewell/sourcemap-codec Completed in 681ms
786 http fetch GET 200 https://cdn.npmmirror.com/packages/%40types/babel__generator/7.27.0/babel__generator-7.27.0.tgz 620ms (cache miss)
787 timing reifyNode:node_modules/@types/babel__generator Completed in 684ms
788 http fetch GET 200 https://cdn.npmmirror.com/packages/baseline-browser-mapping/2.10.19/baseline-browser-mapping-2.10.19.tgz 635ms (cache miss)
789 timing reifyNode:node_modules/baseline-browser-mapping Completed in 691ms
790 http fetch GET 200 https://cdn.npmmirror.com/packages/%40jridgewell/resolve-uri/3.1.2/resolve-uri-3.1.2.tgz 635ms (cache miss)
791 timing reifyNode:node_modules/@jridgewell/resolve-uri Completed in 707ms
792 http fetch GET 200 https://cdn.npmmirror.com/packages/browserslist/4.28.2/browserslist-4.28.2.tgz 648ms (cache miss)
793 timing reifyNode:node_modules/browserslist Completed in 722ms
794 http fetch GET 200 https://cdn.npmmirror.com/packages/%40babel/helper-module-imports/7.28.6/helper-module-imports-7.28.6.tgz 646ms (cache miss)
795 http fetch GET 200 https://cdn.npmmirror.com/packages/postcss/8.5.10/postcss-8.5.10.tgz 701ms (cache miss)
796 timing reifyNode:node_modules/postcss Completed in 737ms
797 http fetch GET 200 https://cdn.npmmirror.com/packages/react-router/6.30.3/react-router-6.30.3.tgz 703ms (cache miss)
798 timing reifyNode:node_modules/react-router Completed in 745ms
799 timing reifyNode:node_modules/@babel/helper-module-imports Completed in 747ms
800 http fetch GET 200 https://cdn.npmmirror.com/packages/%40babel/helper-plugin-utils/7.28.6/helper-plugin-utils-7.28.6.tgz 668ms (cache miss)
801 http fetch GET 200 https://cdn.npmmirror.com/packages/%40babel/helper-globals/7.28.0/helper-globals-7.28.0.tgz 678ms (cache miss)
802 timing reifyNode:node_modules/@babel/helper-plugin-utils Completed in 753ms
803 timing reifyNode:node_modules/@babel/helper-globals Completed in 754ms
804 http fetch GET 200 https://cdn.npmmirror.com/packages/%40babel/helper-validator-identifier/7.28.5/helper-validator-identifier-7.28.5.tgz 691ms (cache miss)
805 http fetch GET 200 https://cdn.npmmirror.com/packages/%40babel/compat-data/7.29.0/compat-data-7.29.0.tgz 716ms (cache miss)
806 timing reifyNode:node_modules/@babel/compat-data Completed in 799ms
807 timing reifyNode:node_modules/@babel/helper-validator-identifier Completed in 804ms
808 http fetch GET 200 https://cdn.npmmirror.com/packages/picocolors/1.1.1/picocolors-1.1.1.tgz 720ms (cache miss)
809 timing reifyNode:node_modules/picocolors Completed in 820ms
810 http fetch GET 200 https://cdn.npmmirror.com/packages/%40jridgewell/gen-mapping/0.3.13/gen-mapping-0.3.13.tgz 756ms (cache miss)
811 timing reifyNode:node_modules/@jridgewell/gen-mapping Completed in 850ms
812 http fetch GET 200 https://cdn.npmmirror.com/packages/gensync/1.0.0-beta.2/gensync-1.0.0-beta.2.tgz 775ms (cache miss)
813 timing reifyNode:node_modules/gensync Completed in 889ms
814 http fetch GET 200 https://cdn.npmmirror.com/packages/%40types/babel__traverse/7.28.0/babel__traverse-7.28.0.tgz 833ms (cache miss)
815 timing reifyNode:node_modules/@types/babel__traverse Completed in 901ms
816 http fetch GET 200 https://cdn.npmmirror.com/packages/jsesc/3.1.0/jsesc-3.1.0.tgz 816ms (cache miss)
817 timing reifyNode:node_modules/jsesc Completed in 903ms
818 http fetch GET 200 https://cdn.npmmirror.com/packages/esbuild/0.21.5/esbuild-0.21.5.tgz 871ms (cache miss)
819 timing reifyNode:node_modules/esbuild Completed in 908ms
820 http fetch GET 200 https://cdn.npmmirror.com/packages/json5/2.2.3/json5-2.2.3.tgz 808ms (cache miss)
821 timing reifyNode:node_modules/json5 Completed in 914ms
822 http fetch GET 200 https://cdn.npmmirror.com/packages/%40jridgewell/trace-mapping/0.3.31/trace-mapping-0.3.31.tgz 841ms (cache miss)
823 timing reifyNode:node_modules/@jridgewell/trace-mapping Completed in 931ms
824 http fetch GET 200 https://cdn.npmmirror.com/packages/update-browserslist-db/1.2.3/update-browserslist-db-1.2.3.tgz 1039ms (cache miss)
825 timing reifyNode:node_modules/update-browserslist-db Completed in 1096ms
826 http fetch GET 200 https://cdn.npmmirror.com/packages/%40babel/helper-module-transforms/7.28.6/helper-module-transforms-7.28.6.tgz 973ms (cache miss)
827 timing reifyNode:node_modules/@babel/helper-module-transforms Completed in 1104ms
828 http fetch GET 200 https://cdn.npmmirror.com/packages/rollup/4.60.1/rollup-4.60.1.tgz 1076ms (cache miss)
829 timing reifyNode:node_modules/rollup Completed in 1108ms
830 http fetch GET 200 https://cdn.npmmirror.com/packages/%40babel/parser/7.29.2/parser-7.29.2.tgz 1060ms (cache miss)
831 timing reifyNode:node_modules/@babel/parser Completed in 1179ms
832 http fetch GET 200 https://cdn.npmmirror.com/packages/%40jridgewell/remapping/2.3.5/remapping-2.3.5.tgz 1081ms (cache miss)
833 http fetch GET 200 https://cdn.npmmirror.com/packages/%40remix-run/router/1.23.2/router-1.23.2.tgz 1170ms (cache miss)
834 timing reifyNode:node_modules/@remix-run/router Completed in 1217ms
835 http fetch GET 200 https://cdn.npmmirror.com/packages/debug/4.4.3/debug-4.4.3.tgz 1102ms (cache miss)
836 http fetch GET 200 https://cdn.npmmirror.com/packages/%40babel/helper-string-parser/7.27.1/helper-string-parser-7.27.1.tgz 1153ms (cache miss)
837 timing reifyNode:node_modules/@babel/helper-string-parser Completed in 1224ms
838 timing reifyNode:node_modules/debug Completed in 1224ms
839 timing reifyNode:node_modules/@jridgewell/remapping Completed in 1239ms
840 http fetch GET 200 https://cdn.npmmirror.com/packages/react-refresh/0.17.0/react-refresh-0.17.0.tgz 1114ms (cache miss)
841 http fetch GET 200 https://cdn.npmmirror.com/packages/%40types/estree/1.0.8/estree-1.0.8.tgz 1236ms (cache miss)
842 timing reifyNode:node_modules/@types/estree Completed in 1263ms
843 http fetch GET 200 https://cdn.npmmirror.com/packages/convert-source-map/2.0.0/convert-source-map-2.0.0.tgz 1144ms (cache miss)
844 timing reifyNode:node_modules/convert-source-map Completed in 1268ms
845 timing reifyNode:node_modules/react-refresh Completed in 1270ms
846 http fetch GET 200 https://cdn.npmmirror.com/packages/%40babel/code-frame/7.29.0/code-frame-7.29.0.tgz 1134ms (cache miss)
847 timing reifyNode:node_modules/@babel/code-frame Completed in 1278ms
848 http fetch GET 200 https://cdn.npmmirror.com/packages/%40types/prop-types/15.7.15/prop-types-15.7.15.tgz 1131ms (cache miss)
849 timing reifyNode:node_modules/@types/prop-types Completed in 1284ms
850 http fetch GET 200 https://cdn.npmmirror.com/packages/%40types/babel__core/7.20.5/babel__core-7.20.5.tgz 1155ms (cache miss)
851 timing reifyNode:node_modules/@types/babel__core Completed in 1304ms
852 http fetch GET 200 https://cdn.npmmirror.com/packages/%40babel/traverse/7.29.0/traverse-7.29.0.tgz 1186ms (cache miss)
853 timing reifyNode:node_modules/@babel/traverse Completed in 1313ms
854 http fetch GET 200 https://cdn.npmmirror.com/packages/%40babel/helper-compilation-targets/7.28.6/helper-compilation-targets-7.28.6.tgz 1205ms (cache miss)
855 http fetch GET 200 https://cdn.npmmirror.com/packages/%40babel/plugin-transform-react-jsx-self/7.27.1/plugin-transform-react-jsx-self-7.27.1.tgz 1186ms (cache miss)
856 timing reifyNode:node_modules/@babel/plugin-transform-react-jsx-self Completed in 1346ms
857 http fetch GET 200 https://cdn.npmmirror.com/packages/semver/6.3.1/semver-6.3.1.tgz 1230ms (cache miss)
858 timing reifyNode:node_modules/semver Completed in 1351ms
859 timing reifyNode:node_modules/@babel/helper-compilation-targets Completed in 1355ms
860 http fetch GET 200 https://cdn.npmmirror.com/packages/lru-cache/5.1.1/lru-cache-5.1.1.tgz 1299ms (cache miss)
861 timing reifyNode:node_modules/lru-cache Completed in 1373ms
862 http fetch GET 200 https://cdn.npmmirror.com/packages/js-tokens/4.0.0/js-tokens-4.0.0.tgz 1303ms (cache miss)
863 timing reifyNode:node_modules/js-tokens Completed in 1400ms
864 http fetch GET 200 https://cdn.npmmirror.com/packages/%40types/react-dom/18.3.7/react-dom-18.3.7.tgz 1267ms (cache miss)
865 http fetch GET 200 https://cdn.npmmirror.com/packages/%40rollup/rollup-win32-x64-msvc/4.60.1/rollup-win32-x64-msvc-4.60.1.tgz 1425ms (cache miss)
866 timing reifyNode:node_modules/@rollup/rollup-win32-x64-msvc Completed in 1447ms
867 http fetch GET 200 https://cdn.npmmirror.com/packages/%40babel/generator/7.29.1/generator-7.29.1.tgz 1311ms (cache miss)
868 timing reifyNode:node_modules/@babel/generator Completed in 1451ms
869 timing reifyNode:node_modules/@types/react-dom Completed in 1452ms
870 http fetch GET 200 https://cdn.npmmirror.com/packages/%40babel/helper-validator-option/7.27.1/helper-validator-option-7.27.1.tgz 1406ms (cache miss)
871 timing reifyNode:node_modules/@babel/helper-validator-option Completed in 1489ms
872 http fetch GET 200 https://cdn.npmmirror.com/packages/%40rolldown/pluginutils/1.0.0-beta.27/pluginutils-1.0.0-beta.27.tgz 1380ms (cache miss)
873 timing reifyNode:node_modules/@rolldown/pluginutils Completed in 1535ms
874 http fetch GET 200 https://cdn.npmmirror.com/packages/%40vitejs/plugin-react/4.7.0/plugin-react-4.7.0.tgz 1411ms (cache miss)
875 timing reifyNode:node_modules/@vitejs/plugin-react Completed in 1577ms
876 http fetch GET 200 https://cdn.npmmirror.com/packages/%40babel/helpers/7.29.2/helpers-7.29.2.tgz 1555ms (cache miss)
877 timing reifyNode:node_modules/@babel/helpers Completed in 1690ms
878 http fetch GET 200 https://cdn.npmmirror.com/packages/yallist/3.1.1/yallist-3.1.1.tgz 1726ms (cache miss)
879 timing reifyNode:node_modules/yallist Completed in 1773ms
880 http fetch GET 200 https://cdn.npmmirror.com/packages/react-router-dom/6.30.3/react-router-dom-6.30.3.tgz 1625ms (cache miss)
881 timing reifyNode:node_modules/react-router-dom Completed in 1793ms
882 http fetch GET 200 https://cdn.npmmirror.com/packages/%40babel/plugin-transform-react-jsx-source/7.27.1/plugin-transform-react-jsx-source-7.27.1.tgz 1652ms (cache miss)
883 timing reifyNode:node_modules/@babel/plugin-transform-react-jsx-source Completed in 1809ms
884 http fetch GET 200 https://cdn.npmmirror.com/packages/%40babel/core/7.29.0/core-7.29.0.tgz 1683ms (cache miss)
885 timing reifyNode:node_modules/@babel/core Completed in 1839ms
886 http fetch GET 200 https://cdn.npmmirror.com/packages/csstype/3.2.3/csstype-3.2.3.tgz 1692ms (cache miss)
887 timing reifyNode:node_modules/csstype Completed in 1846ms
888 http fetch GET 200 https://cdn.npmmirror.com/packages/%40types/react/18.3.28/react-18.3.28.tgz 1709ms (cache miss)
889 timing reifyNode:node_modules/@types/react Completed in 1886ms
890 http fetch GET 200 https://cdn.npmmirror.com/packages/%40babel/template/7.28.6/template-7.28.6.tgz 1796ms (cache miss)
891 timing reifyNode:node_modules/@babel/template Completed in 1925ms
892 http fetch GET 200 https://cdn.npmmirror.com/packages/loose-envify/1.4.0/loose-envify-1.4.0.tgz 2008ms (cache miss)
893 timing reifyNode:node_modules/loose-envify Completed in 2056ms
894 http fetch GET 200 https://cdn.npmmirror.com/packages/react-dom/18.3.1/react-dom-18.3.1.tgz 1928ms (cache miss)
895 timing reifyNode:node_modules/react-dom Completed in 2101ms
896 http fetch GET 200 https://cdn.npmmirror.com/packages/caniuse-lite/1.0.30001788/caniuse-lite-1.0.30001788.tgz 2048ms (cache miss)
897 timing reifyNode:node_modules/caniuse-lite Completed in 2108ms
898 http fetch GET 200 https://cdn.npmmirror.com/packages/react/18.3.1/react-18.3.1.tgz 1963ms (cache miss)
899 timing reifyNode:node_modules/react Completed in 2133ms
900 http fetch GET 200 https://cdn.npmmirror.com/packages/%40babel/types/7.29.0/types-7.29.0.tgz 2116ms (cache miss)
901 timing reifyNode:node_modules/@babel/types Completed in 2225ms
902 http fetch GET 200 https://cdn.npmmirror.com/packages/%40rollup/rollup-win32-x64-gnu/4.60.1/rollup-win32-x64-gnu-4.60.1.tgz 2489ms (cache miss)
903 timing reifyNode:node_modules/@rollup/rollup-win32-x64-gnu Completed in 2514ms
904 http fetch GET 200 https://cdn.npmmirror.com/packages/typescript/5.9.3/typescript-5.9.3.tgz 2703ms (cache miss)
905 timing reifyNode:node_modules/typescript Completed in 2866ms
906 http fetch GET 200 https://cdn.npmmirror.com/packages/vite/5.4.21/vite-5.4.21.tgz 2703ms (cache miss)
907 timing reifyNode:node_modules/vite Completed in 2876ms
908 http fetch GET 200 https://cdn.npmmirror.com/packages/%40esbuild/win32-x64/0.21.5/win32-x64-0.21.5.tgz 5668ms (cache miss)
909 timing reifyNode:node_modules/@esbuild/win32-x64 Completed in 5697ms
910 timing reify:unpack Completed in 5698ms
911 timing reify:unretire Completed in 0ms
912 timing build:queue Completed in 2ms
913 timing build:link:node_modules/baseline-browser-mapping Completed in 12ms
914 timing build:link:node_modules/jsesc Completed in 12ms
915 timing build:link:node_modules/json5 Completed in 12ms
916 timing build:link:node_modules/browserslist Completed in 12ms
917 timing build:link:node_modules/esbuild Completed in 12ms
918 timing build:link:node_modules/@babel/parser Completed in 13ms
919 timing build:link:node_modules/loose-envify Completed in 12ms
920 timing build:link:node_modules/nanoid Completed in 12ms
921 timing build:link:node_modules/semver Completed in 12ms
922 timing build:link:node_modules/rollup Completed in 12ms
923 timing build:link:node_modules/typescript Completed in 12ms
924 timing build:link:node_modules/update-browserslist-db Completed in 12ms
925 timing build:link:node_modules/vite Completed in 12ms
926 timing build:link Completed in 13ms
927 info run esbuild@0.21.5 postinstall node_modules/esbuild node install.js
928 info run esbuild@0.21.5 postinstall { code: undefined, signal: undefined }
929 notice
929 notice New major version of npm available! 8.11.0 -> 11.12.1
929 notice Changelog: <https://github.com/npm/cli/releases/tag/v11.12.1>
929 notice Run `npm install -g npm@11.12.1` to update!
929 notice
930 verbose stack Error: spawn EPERM
930 verbose stack     at ChildProcess.spawn (node:internal/child_process:413:11)
930 verbose stack     at spawn (node:child_process:700:9)
930 verbose stack     at C:\Users\zhangxt\AppData\Local\nvm\v16.15.1\node_modules\npm\node_modules\@npmcli\promise-spawn\lib\index.js:35:12
930 verbose stack     at new Promise (<anonymous>)
930 verbose stack     at promiseSpawnUid (C:\Users\zhangxt\AppData\Local\nvm\v16.15.1\node_modules\npm\node_modules\@npmcli\promise-spawn\lib\index.js:34:13)
930 verbose stack     at promiseSpawn (C:\Users\zhangxt\AppData\Local\nvm\v16.15.1\node_modules\npm\node_modules\@npmcli\promise-spawn\lib\index.js:14:10)
930 verbose stack     at runScriptPkg (C:\Users\zhangxt\AppData\Local\nvm\v16.15.1\node_modules\npm\node_modules\@npmcli\run-script\lib\run-script-pkg.js:57:13)
930 verbose stack     at runScript (C:\Users\zhangxt\AppData\Local\nvm\v16.15.1\node_modules\npm\node_modules\@npmcli\run-script\lib\run-script.js:9:16)
930 verbose stack     at Array.<anonymous> (C:\Users\zhangxt\AppData\Local\nvm\v16.15.1\node_modules\npm\node_modules\@npmcli\arborist\lib\arborist\rebuild.js:353:17)
930 verbose stack     at run (C:\Users\zhangxt\AppData\Local\nvm\v16.15.1\node_modules\npm\node_modules\promise-call-limit\index.js:30:26)
931 verbose cwd D:\project-qian\linzhi-qianduan
932 verbose Windows_NT 10.0.26200
933 verbose node v16.15.1
934 verbose npm  v8.11.0
935 error code EPERM
936 error syscall spawn
937 error errno -4048
938 error Error: spawn EPERM
938 error     at ChildProcess.spawn (node:internal/child_process:413:11)
938 error     at spawn (node:child_process:700:9)
938 error     at C:\Users\zhangxt\AppData\Local\nvm\v16.15.1\node_modules\npm\node_modules\@npmcli\promise-spawn\lib\index.js:35:12
938 error     at new Promise (<anonymous>)
938 error     at promiseSpawnUid (C:\Users\zhangxt\AppData\Local\nvm\v16.15.1\node_modules\npm\node_modules\@npmcli\promise-spawn\lib\index.js:34:13)
938 error     at promiseSpawn (C:\Users\zhangxt\AppData\Local\nvm\v16.15.1\node_modules\npm\node_modules\@npmcli\promise-spawn\lib\index.js:14:10)
938 error     at runScriptPkg (C:\Users\zhangxt\AppData\Local\nvm\v16.15.1\node_modules\npm\node_modules\@npmcli\run-script\lib\run-script-pkg.js:57:13)
938 error     at runScript (C:\Users\zhangxt\AppData\Local\nvm\v16.15.1\node_modules\npm\node_modules\@npmcli\run-script\lib\run-script.js:9:16)
938 error     at Array.<anonymous> (C:\Users\zhangxt\AppData\Local\nvm\v16.15.1\node_modules\npm\node_modules\@npmcli\arborist\lib\arborist\rebuild.js:353:17)
938 error     at run (C:\Users\zhangxt\AppData\Local\nvm\v16.15.1\node_modules\npm\node_modules\promise-call-limit\index.js:30:26) {
938 error   errno: -4048,
938 error   code: 'EPERM',
938 error   syscall: 'spawn'
938 error }
939 error
939 error The operation was rejected by your operating system.
939 error It's possible that the file was already in use (by a text editor or antivirus),
939 error or that you lack permissions to access it.
939 error
939 error If you believe this might be a permissions issue, please double-check the
939 error permissions of the file and its containing directories, or try running
939 error the command again as root/Administrator.
940 verbose exit -4048
941 timing npm Completed in 12339ms
942 verbose unfinished npm timer command:install 1776507765983
943 verbose unfinished npm timer reify 1776507765984
944 verbose unfinished npm timer reify:build 1776507778236
945 verbose unfinished npm timer build 1776507778236
946 verbose unfinished npm timer build:deps 1776507778236
947 verbose unfinished npm timer build:run:postinstall 1776507778251
948 verbose unfinished npm timer build:run:postinstall:node_modules/esbuild 1776507778251
949 verbose unfinished npm timer reify:rollback:createSparse 1776507778254
950 verbose code -4048
951 error A complete log of this run can be found in:
951 error     d:\project-qian\linzhi-qianduan\.npm-cache\_logs\2026-04-18T10_22_45_918Z-debug-0.log
