0 verbose cli C:\nvm4w\nodejs\node.exe C:\nvm4w\nodejs\node_modules\npm\bin\npm-cli.js
1 info using npm@8.11.0
2 info using node@v16.15.1
3 timing npm:load:whichnode Completed in 0ms
4 timing config:load:defaults Completed in 1ms
5 timing config:load:file:C:\Users\zhangxt\AppData\Local\nvm\v16.15.1\node_modules\npm\npmrc Completed in 1ms
6 timing config:load:builtin Completed in 1ms
7 timing config:load:cli Completed in 1ms
8 timing config:load:env Completed in 0ms
9 timing config:load:file:D:\project-qian\linzhi-qianduan\.npmrc Completed in 0ms
10 timing config:load:project Completed in 1ms
11 timing config:load:file:C:\Users\zhangxt\.npmrc Completed in 0ms
12 timing config:load:user Completed in 0ms
13 timing config:load:file:C:\nvm4w\nodejs\etc\npmrc Completed in 0ms
14 timing config:load:global Completed in 0ms
15 timing config:load:validate Completed in 1ms
16 timing config:load:credentials Completed in 1ms
17 timing config:load:setEnvs Completed in 0ms
18 timing config:load Completed in 7ms
19 timing npm:load:configload Completed in 7ms
20 timing npm:load:mkdirpcache Completed in 1ms
21 timing npm:load:mkdirplogs Completed in 0ms
22 verbose title npm run build
23 verbose argv "run" "build"
24 timing npm:load:setTitle Completed in 1ms
25 timing config:load:flatten Completed in 1ms
26 timing npm:load:display Completed in 1ms
27 verbose logfile logs-max:10 dir:D:\project-qian\linzhi-qianduan\.npm-cache\_logs
28 verbose logfile D:\project-qian\linzhi-qianduan\.npm-cache\_logs\2026-04-18T10_24_26_183Z-debug-0.log
29 timing npm:load:logFile Completed in 11ms
30 timing npm:load:timers Completed in 0ms
31 timing npm:load:configScope Completed in 0ms
32 timing npm:load Completed in 21ms
33 silly logfile done cleaning log files
34 timing command:run Completed in 2401ms
35 verbose exit 0
36 timing npm Completed in 2428ms
37 info ok
